2022-03-24 16:43:19,101 INFO [root] [Base.py (input:31] - 现在使用id定位,找到了元素--,来输入gaj
2022-03-24 16:43:19,283 INFO [root] [Base.py (input:31] - 现在使用id定位,找到了元素--,来输入123456
2022-03-24 16:43:19,394 INFO [root] [Base.py (click:20] - 现在使用xpath定位,找到了元素--,来点击click
2022-03-24 16:43:20,764 INFO [root] [Base.py (click:20] - 现在使用xpath定位,找到了元素--,来点击click
2022-03-24 16:43:22,719 INFO [root] [Base.py (click:20] - 现在使用xpath定位,找到了元素--,来点击click
2022-03-24 16:43:22,831 INFO [root] [Base.py (click:20] - 现在使用xpath定位,找到了元素--,来点击click
2022-03-24 16:43:23,875 INFO [root] [Base.py (click:20] - 现在使用xpath定位,找到了元素--,来点击click
2022-03-24 16:43:25,187 INFO [root] [Base.py (input:31] - 现在使用xpath定位,找到了元素--,来输入
2022-03-24 16:43:25,201 INFO [root] [Base.py (click:20] - 现在使用xpath定位,找到了元素--,来点击click
2022-03-24 16:43:38,518 INFO [root] [Base.py (input:31] - 现在使用id定位,找到了元素--,来输入gaj
2022-03-24 16:43:38,551 INFO [root] [Base.py (input:31] - 现在使用id定位,找到了元素--,来输入123456
2022-03-24 16:43:38,586 INFO [root] [Base.py (click:20] - 现在使用xpath定位,找到了元素--,来点击click
2022-03-24 16:43:39,839 INFO [root] [Base.py (click:20] - 现在使用xpath定位,找到了元素--,来点击click
2022-03-24 16:43:41,287 INFO [root] [Base.py (click:20] - 现在使用xpath定位,找到了元素--,来点击click
2022-03-24 16:43:41,387 INFO [root] [Base.py (click:20] - 现在使用xpath定位,找到了元素--,来点击click
2022-03-24 16:43:42,449 INFO [root] [Base.py (click:20] - 现在使用xpath定位,找到了元素--,来点击click
2022-03-24 16:43:43,704 INFO [root] [Base.py (input:31] - 现在使用xpath定位,找到了元素--,来输入@
2022-03-24 16:43:43,726 INFO [root] [Base.py (click:20] - 现在使用xpath定位,找到了元素--,来点击click
2022-03-24 16:43:57,324 INFO [root] [Base.py (input:31] - 现在使用id定位,找到了元素--,来输入gaj
2022-03-24 16:43:57,381 INFO [root] [Base.py (input:31] - 现在使用id定位,找到了元素--,来输入123456
2022-03-24 16:43:57,418 INFO [root] [Base.py (click:20] - 现在使用xpath定位,找到了元素--,来点击click
2022-03-24 16:43:58,656 INFO [root] [Base.py (click:20] - 现在使用xpath定位,找到了元素--,来点击click
2022-03-24 16:44:00,277 INFO [root] [Base.py (click:20] - 现在使用xpath定位,找到了元素--,来点击click
2022-03-24 16:44:00,352 INFO [root] [Base.py (click:20] - 现在使用xpath定位,找到了元素--,来点击click
2022-03-24 16:44:01,420 INFO [root] [Base.py (click:20] - 现在使用xpath定位,找到了元素--,来点击click
2022-03-24 16:44:02,692 INFO [root] [Base.py (input:31] - 现在使用xpath定位,找到了元素--,来输入自动创建本体
2022-03-24 16:44:02,762 INFO [root] [Base.py (click:20] - 现在使用xpath定位,找到了元素--,来点击click
2022-03-24 16:44:18,350 INFO [root] [Base.py (input:31] - 现在使用id定位,找到了元素--,来输入gaj
2022-03-24 16:44:18,393 INFO [root] [Base.py (input:31] - 现在使用id定位,找到了元素--,来输入123456
2022-03-24 16:44:18,437 INFO [root] [Base.py (click:20] - 现在使用xpath定位,找到了元素--,来点击click
2022-03-24 16:44:19,746 INFO [root] [Base.py (click:20] - 现在使用xpath定位,找到了元素--,来点击click
2022-03-24 16:44:21,299 INFO [root] [Base.py (click:20] - 现在使用xpath定位,找到了元素--,来点击click
2022-03-24 16:44:21,378 INFO [root] [Base.py (click:20] - 现在使用xpath定位,找到了元素--,来点击click
2022-03-24 16:44:22,438 INFO [root] [Base.py (moveclick:62] - 现在使用xpath定位,找到了元素--,来悬置鼠标
2022-03-24 16:44:23,752 INFO [root] [Base.py (click:20] - 现在使用xpath定位,找到了元素--,来点击click
2022-03-24 16:44:36,877 INFO [root] [Base.py (input:31] - 现在使用id定位,找到了元素--,来输入gaj
2022-03-24 16:44:36,914 INFO [root] [Base.py (input:31] - 现在使用id定位,找到了元素--,来输入123456
2022-03-24 16:44:36,950 INFO [root] [Base.py (click:20] - 现在使用xpath定位,找到了元素--,来点击click
2022-03-24 16:44:38,204 INFO [root] [Base.py (click:20] - 现在使用xpath定位,找到了元素--,来点击click
2022-03-24 16:44:39,804 INFO [root] [Base.py (click:20] - 现在使用xpath定位,找到了元素--,来点击click
2022-03-24 16:44:39,872 INFO [root] [Base.py (click:20] - 现在使用xpath定位,找到了元素--,来点击click
2022-03-24 16:44:40,140 INFO [root] [Base.py (click:20] - 现在使用xpath定位,找到了元素--,来点击click
2022-03-24 16:44:40,212 INFO [root] [Base.py (click:20] - 现在使用xpath定位,找到了元素--,来点击click
2022-03-24 16:44:40,765 INFO [root] [Base.py (input:31] - 现在使用xpath定位,找到了元素--,来输入@
2022-03-24 16:44:40,922 INFO [root] [Base.py (click:20] - 现在使用xpath定位,找到了元素--,来点击click
2022-03-24 16:44:41,303 INFO [root] [Base.py (input:31] - 现在使用xpath定位,找到了元素--,来输入
2022-03-24 16:44:41,324 INFO [root] [Base.py (input:31] - 现在使用xpath定位,找到了元素--,来输入
2022-03-24 16:44:41,346 INFO [root] [Base.py (input:31] - 现在使用xpath定位,找到了元素--,来输入
2022-03-24 16:44:41,371 INFO [root] [Base.py (input:31] - 现在使用xpath定位,找到了元素--,来输入
2022-03-24 16:44:41,391 INFO [root] [Base.py (input:31] - 现在使用xpath定位,找到了元素--,来输入
2022-03-24 16:44:41,410 INFO [root] [Base.py (click:20] - 现在使用xpath定位,找到了元素--,来点击click
2022-03-24 16:44:41,671 INFO [root] [Base.py (click:20] - 现在使用xpath定位,找到了元素--,来点击click
2022-03-24 16:44:55,455 INFO [root] [Base.py (input:31] - 现在使用id定位,找到了元素--,来输入gaj
2022-03-24 16:44:55,495 INFO [root] [Base.py (input:31] - 现在使用id定位,找到了元素--,来输入123456
2022-03-24 16:44:55,531 INFO [root] [Base.py (click:20] - 现在使用xpath定位,找到了元素--,来点击click
2022-03-24 16:44:56,781 INFO [root] [Base.py (click:20] - 现在使用xpath定位,找到了元素--,来点击click
2022-03-24 16:44:58,305 INFO [root] [Base.py (click:20] - 现在使用xpath定位,找到了元素--,来点击click
2022-03-24 16:44:58,390 INFO [root] [Base.py (click:20] - 现在使用xpath定位,找到了元素--,来点击click
2022-03-24 16:44:58,687 INFO [root] [Base.py (click:20] - 现在使用xpath定位,找到了元素--,来点击click
2022-03-24 16:44:58,791 INFO [root] [Base.py (click:20] - 现在使用xpath定位,找到了元素--,来点击click
2022-03-24 16:44:59,203 INFO [root] [Base.py (input:31] - 现在使用xpath定位,找到了元素--,来输入
2022-03-24 16:44:59,482 INFO [root] [Base.py (click:20] - 现在使用xpath定位,找到了元素--,来点击click
2022-03-24 16:44:59,883 INFO [root] [Base.py (input:31] - 现在使用xpath定位,找到了元素--,来输入172.168.30.7
2022-03-24 16:44:59,940 INFO [root] [Base.py (input:31] - 现在使用xpath定位,找到了元素--,来输入3306
2022-03-24 16:44:59,974 INFO [root] [Base.py (input:31] - 现在使用xpath定位,找到了元素--,来输入
2022-03-24 16:44:59,993 INFO [root] [Base.py (input:31] - 现在使用xpath定位,找到了元素--,来输入
2022-03-24 16:45:00,019 INFO [root] [Base.py (input:31] - 现在使用xpath定位,找到了元素--,来输入
2022-03-24 16:45:00,040 INFO [root] [Base.py (click:20] - 现在使用xpath定位,找到了元素--,来点击click
2022-03-24 16:45:00,304 INFO [root] [Base.py (click:20] - 现在使用xpath定位,找到了元素--,来点击click
2022-03-24 16:45:14,452 INFO [root] [Base.py (input:31] - 现在使用id定位,找到了元素--,来输入gaj
2022-03-24 16:45:14,486 INFO [root] [Base.py (input:31] - 现在使用id定位,找到了元素--,来输入123456
2022-03-24 16:45:14,522 INFO [root] [Base.py (click:20] - 现在使用xpath定位,找到了元素--,来点击click
2022-03-24 16:45:15,753 INFO [root] [Base.py (click:20] - 现在使用xpath定位,找到了元素--,来点击click
2022-03-24 16:45:17,246 INFO [root] [Base.py (click:20] - 现在使用xpath定位,找到了元素--,来点击click
2022-03-24 16:45:17,317 INFO [root] [Base.py (click:20] - 现在使用xpath定位,找到了元素--,来点击click
2022-03-24 16:45:17,623 INFO [root] [Base.py (click:20] - 现在使用xpath定位,找到了元素--,来点击click
2022-03-24 16:45:17,706 INFO [root] [Base.py (click:20] - 现在使用xpath定位,找到了元素--,来点击click
2022-03-24 16:45:18,100 INFO [root] [Base.py (input:31] - 现在使用xpath定位,找到了元素--,来输入
2022-03-24 16:45:18,325 INFO [root] [Base.py (click:20] - 现在使用xpath定位,找到了元素--,来点击click
2022-03-24 16:45:18,619 INFO [root] [Base.py (input:31] - 现在使用xpath定位,找到了元素--,来输入172.168.30.7
2022-03-24 16:45:18,679 INFO [root] [Base.py (input:31] - 现在使用xpath定位,找到了元素--,来输入3306
2022-03-24 16:45:18,717 INFO [root] [Base.py (input:31] - 现在使用xpath定位,找到了元素--,来输入aiswift_dkg_test
2022-03-24 16:45:18,784 INFO [root] [Base.py (input:31] - 现在使用xpath定位,找到了元素--,来输入
2022-03-24 16:45:18,811 INFO [root] [Base.py (input:31] - 现在使用xpath定位,找到了元素--,来输入
2022-03-24 16:45:18,832 INFO [root] [Base.py (click:20] - 现在使用xpath定位,找到了元素--,来点击click
2022-03-24 16:45:19,084 INFO [root] [Base.py (click:20] - 现在使用xpath定位,找到了元素--,来点击click
2022-03-24 16:45:32,956 INFO [root] [Base.py (input:31] - 现在使用id定位,找到了元素--,来输入gaj
2022-03-24 16:45:33,024 INFO [root] [Base.py (input:31] - 现在使用id定位,找到了元素--,来输入123456
2022-03-24 16:45:33,088 INFO [root] [Base.py (click:20] - 现在使用xpath定位,找到了元素--,来点击click
2022-03-24 16:45:34,342 INFO [root] [Base.py (click:20] - 现在使用xpath定位,找到了元素--,来点击click
2022-03-24 16:45:35,846 INFO [root] [Base.py (click:20] - 现在使用xpath定位,找到了元素--,来点击click
2022-03-24 16:45:35,932 INFO [root] [Base.py (click:20] - 现在使用xpath定位,找到了元素--,来点击click
2022-03-24 16:45:36,191 INFO [root] [Base.py (click:20] - 现在使用xpath定位,找到了元素--,来点击click
2022-03-24 16:45:36,301 INFO [root] [Base.py (click:20] - 现在使用xpath定位,找到了元素--,来点击click
2022-03-24 16:45:36,731 INFO [root] [Base.py (input:31] - 现在使用xpath定位,找到了元素--,来输入
2022-03-24 16:45:37,027 INFO [root] [Base.py (click:20] - 现在使用xpath定位,找到了元素--,来点击click
2022-03-24 16:45:37,334 INFO [root] [Base.py (input:31] - 现在使用xpath定位,找到了元素--,来输入172.168.30.7
2022-03-24 16:45:37,415 INFO [root] [Base.py (input:31] - 现在使用xpath定位,找到了元素--,来输入3306
2022-03-24 16:45:37,486 INFO [root] [Base.py (input:31] - 现在使用xpath定位,找到了元素--,来输入aiswift_dkg_test
2022-03-24 16:45:37,643 INFO [root] [Base.py (input:31] - 现在使用xpath定位,找到了元素--,来输入dtjoy
2022-03-24 16:45:37,723 INFO [root] [Base.py (input:31] - 现在使用xpath定位,找到了元素--,来输入
2022-03-24 16:45:37,742 INFO [root] [Base.py (click:20] - 现在使用xpath定位,找到了元素--,来点击click
2022-03-24 16:45:38,000 INFO [root] [Base.py (click:20] - 现在使用xpath定位,找到了元素--,来点击click
2022-03-24 16:45:52,200 INFO [root] [Base.py (input:31] - 现在使用id定位,找到了元素--,来输入gaj
2022-03-24 16:45:52,252 INFO [root] [Base.py (input:31] - 现在使用id定位,找到了元素--,来输入123456
2022-03-24 16:45:52,310 INFO [root] [Base.py (click:20] - 现在使用xpath定位,找到了元素--,来点击click
2022-03-24 16:45:53,567 INFO [root] [Base.py (click:20] - 现在使用xpath定位,找到了元素--,来点击click
2022-03-24 16:45:55,186 INFO [root] [Base.py (click:20] - 现在使用xpath定位,找到了元素--,来点击click
2022-03-24 16:45:55,263 INFO [root] [Base.py (click:20] - 现在使用xpath定位,找到了元素--,来点击click
2022-03-24 16:45:55,520 INFO [root] [Base.py (click:20] - 现在使用xpath定位,找到了元素--,来点击click
2022-03-24 16:45:55,620 INFO [root] [Base.py (click:20] - 现在使用xpath定位,找到了元素--,来点击click
2022-03-24 16:45:56,147 INFO [root] [Base.py (input:31] - 现在使用xpath定位,找到了元素--,来输入
2022-03-24 16:45:56,562 INFO [root] [Base.py (click:20] - 现在使用xpath定位,找到了元素--,来点击click
2022-03-24 16:45:56,873 INFO [root] [Base.py (input:31] - 现在使用xpath定位,找到了元素--,来输入172.168.30.7.7
2022-03-24 16:45:56,965 INFO [root] [Base.py (input:31] - 现在使用xpath定位,找到了元素--,来输入330655
2022-03-24 16:45:57,023 INFO [root] [Base.py (input:31] - 现在使用xpath定位,找到了元素--,来输入aiswift_dkg_test
2022-03-24 16:45:57,109 INFO [root] [Base.py (input:31] - 现在使用xpath定位,找到了元素--,来输入dtjoy
2022-03-24 16:45:57,157 INFO [root] [Base.py (input:31] - 现在使用xpath定位,找到了元素--,来输入dtjoy#123
2022-03-24 16:45:57,241 INFO [root] [Base.py (click:20] - 现在使用xpath定位,找到了元素--,来点击click
2022-03-24 16:45:57,537 INFO [root] [Base.py (click:20] - 现在使用xpath定位,找到了元素--,来点击click
2022-03-24 16:46:12,127 INFO [root] [Base.py (input:31] - 现在使用id定位,找到了元素--,来输入gaj
2022-03-24 16:46:12,166 INFO [root] [Base.py (input:31] - 现在使用id定位,找到了元素--,来输入123456
2022-03-24 16:46:12,208 INFO [root] [Base.py (click:20] - 现在使用xpath定位,找到了元素--,来点击click
2022-03-24 16:46:13,479 INFO [root] [Base.py (click:20] - 现在使用xpath定位,找到了元素--,来点击click
2022-03-24 16:46:15,006 INFO [root] [Base.py (click:20] - 现在使用xpath定位,找到了元素--,来点击click
2022-03-24 16:46:15,080 INFO [root] [Base.py (click:20] - 现在使用xpath定位,找到了元素--,来点击click
2022-03-24 16:46:15,348 INFO [root] [Base.py (click:20] - 现在使用xpath定位,找到了元素--,来点击click
2022-03-24 16:46:29,381 INFO [root] [Base.py (input:31] - 现在使用id定位,找到了元素--,来输入gaj
2022-03-24 16:46:29,456 INFO [root] [Base.py (input:31] - 现在使用id定位,找到了元素--,来输入123456
2022-03-24 16:46:29,494 INFO [root] [Base.py (click:20] - 现在使用xpath定位,找到了元素--,来点击click
2022-03-24 16:46:30,735 INFO [root] [Base.py (click:20] - 现在使用xpath定位,找到了元素--,来点击click
2022-03-24 16:46:32,278 INFO [root] [Base.py (click:20] - 现在使用xpath定位,找到了元素--,来点击click
2022-03-24 16:46:32,348 INFO [root] [Base.py (click:20] - 现在使用xpath定位,找到了元素--,来点击click
2022-03-24 16:46:32,600 INFO [root] [Base.py (click:20] - 现在使用xpath定位,找到了元素--,来点击click
2022-03-24 16:46:32,689 INFO [root] [Base.py (click:20] - 现在使用xpath定位,找到了元素--,来点击click
2022-03-24 16:46:33,161 INFO [root] [Base.py (input:31] - 现在使用xpath定位,找到了元素--,来输入123456789789654133654788522
2022-03-24 16:46:33,722 INFO [root] [Base.py (click:20] - 现在使用xpath定位,找到了元素--,来点击click
2022-03-24 16:46:33,986 INFO [root] [Base.py (input:31] - 现在使用xpath定位,找到了元素--,来输入172.168.30.7
2022-03-24 16:46:34,052 INFO [root] [Base.py (input:31] - 现在使用xpath定位,找到了元素--,来输入3306
2022-03-24 16:46:34,119 INFO [root] [Base.py (input:31] - 现在使用xpath定位,找到了元素--,来输入aiswift_dkg_test
2022-03-24 16:46:34,196 INFO [root] [Base.py (input:31] - 现在使用xpath定位,找到了元素--,来输入dtjoy
2022-03-24 16:46:34,239 INFO [root] [Base.py (input:31] - 现在使用xpath定位,找到了元素--,来输入dtjoy#123
2022-03-24 16:46:34,301 INFO [root] [Base.py (click:20] - 现在使用xpath定位,找到了元素--,来点击click
2022-03-24 16:46:34,686 INFO [root] [Base.py (click:20] - 现在使用xpath定位,找到了元素--,来点击click
2022-03-24 16:46:48,105 INFO [root] [Base.py (input:31] - 现在使用id定位,找到了元素--,来输入gaj
2022-03-24 16:46:48,142 INFO [root] [Base.py (input:31] - 现在使用id定位,找到了元素--,来输入123456
2022-03-24 16:46:48,182 INFO [root] [Base.py (click:20] - 现在使用xpath定位,找到了元素--,来点击click
2022-03-24 16:46:49,425 INFO [root] [Base.py (click:20] - 现在使用xpath定位,找到了元素--,来点击click
2022-03-24 16:46:50,921 INFO [root] [Base.py (click:20] - 现在使用xpath定位,找到了元素--,来点击click
2022-03-24 16:46:51,012 INFO [root] [Base.py (click:20] - 现在使用xpath定位,找到了元素--,来点击click
2022-03-24 16:46:51,263 INFO [root] [Base.py (click:20] - 现在使用xpath定位,找到了元素--,来点击click
2022-03-24 16:46:51,390 INFO [root] [Base.py (click:20] - 现在使用xpath定位,找到了元素--,来点击click
2022-03-24 16:46:51,842 INFO [root] [Base.py (input:31] - 现在使用xpath定位,找到了元素--,来输入mysqlmysql
2022-03-24 16:46:52,313 INFO [root] [Base.py (click:20] - 现在使用xpath定位,找到了元素--,来点击click
2022-03-24 16:46:52,565 INFO [root] [Base.py (input:31] - 现在使用xpath定位,找到了元素--,来输入172.168.30.7
2022-03-24 16:46:52,628 INFO [root] [Base.py (input:31] - 现在使用xpath定位,找到了元素--,来输入33065
2022-03-24 16:46:52,673 INFO [root] [Base.py (input:31] - 现在使用xpath定位,找到了元素--,来输入aiswift_dkg_test
2022-03-24 16:46:52,738 INFO [root] [Base.py (input:31] - 现在使用xpath定位,找到了元素--,来输入dtjoy
2022-03-24 16:46:52,779 INFO [root] [Base.py (input:31] - 现在使用xpath定位,找到了元素--,来输入dtjoy#12
2022-03-24 16:46:52,823 INFO [root] [Base.py (click:20] - 现在使用xpath定位,找到了元素--,来点击click
2022-03-24 16:46:53,244 INFO [root] [Base.py (click:20] - 现在使用xpath定位,找到了元素--,来点击click
2022-03-24 16:47:07,592 INFO [root] [Base.py (input:31] - 现在使用id定位,找到了元素--,来输入gaj
2022-03-24 16:47:07,637 INFO [root] [Base.py (input:31] - 现在使用id定位,找到了元素--,来输入123456
2022-03-24 16:47:07,672 INFO [root] [Base.py (click:20] - 现在使用xpath定位,找到了元素--,来点击click
2022-03-24 16:47:08,906 INFO [root] [Base.py (click:20] - 现在使用xpath定位,找到了元素--,来点击click
2022-03-24 16:47:10,428 INFO [root] [Base.py (click:20] - 现在使用xpath定位,找到了元素--,来点击click
2022-03-24 16:47:10,500 INFO [root] [Base.py (click:20] - 现在使用xpath定位,找到了元素--,来点击click
2022-03-24 16:47:10,752 INFO [root] [Base.py (click:20] - 现在使用xpath定位,找到了元素--,来点击click
2022-03-24 16:47:10,838 INFO [root] [Base.py (click:20] - 现在使用xpath定位,找到了元素--,来点击click
2022-03-24 16:47:11,417 INFO [root] [Base.py (input:31] - 现在使用xpath定位,找到了元素--,来输入mysqlmysql
2022-03-24 16:47:11,839 INFO [root] [Base.py (click:20] - 现在使用xpath定位,找到了元素--,来点击click
2022-03-24 16:47:12,137 INFO [root] [Base.py (input:31] - 现在使用xpath定位,找到了元素--,来输入172.168.30.7
2022-03-24 16:47:12,198 INFO [root] [Base.py (input:31] - 现在使用xpath定位,找到了元素--,来输入33065
2022-03-24 16:47:12,234 INFO [root] [Base.py (input:31] - 现在使用xpath定位,找到了元素--,来输入aiswift_dkg_test 
2022-03-24 16:47:12,311 INFO [root] [Base.py (input:31] - 现在使用xpath定位,找到了元素--,来输入dtjoy
2022-03-24 16:47:12,352 INFO [root] [Base.py (input:31] - 现在使用xpath定位,找到了元素--,来输入dtjoy#123
2022-03-24 16:47:12,412 INFO [root] [Base.py (click:20] - 现在使用xpath定位,找到了元素--,来点击click
2022-03-24 16:47:12,763 INFO [root] [Base.py (click:20] - 现在使用xpath定位,找到了元素--,来点击click
2022-03-24 16:47:26,531 INFO [root] [Base.py (input:31] - 现在使用id定位,找到了元素--,来输入gaj
2022-03-24 16:47:26,577 INFO [root] [Base.py (input:31] - 现在使用id定位,找到了元素--,来输入123456
2022-03-24 16:47:26,624 INFO [root] [Base.py (click:20] - 现在使用xpath定位,找到了元素--,来点击click
2022-03-24 16:47:27,856 INFO [root] [Base.py (click:20] - 现在使用xpath定位,找到了元素--,来点击click
2022-03-24 16:47:29,341 INFO [root] [Base.py (click:20] - 现在使用xpath定位,找到了元素--,来点击click
2022-03-24 16:47:29,438 INFO [root] [Base.py (click:20] - 现在使用xpath定位,找到了元素--,来点击click
2022-03-24 16:47:29,715 INFO [root] [Base.py (click:20] - 现在使用xpath定位,找到了元素--,来点击click
2022-03-24 16:47:29,823 INFO [root] [Base.py (click:20] - 现在使用xpath定位,找到了元素--,来点击click
2022-03-24 16:47:30,392 INFO [root] [Base.py (input:31] - 现在使用xpath定位,找到了元素--,来输入mysqlmysql
2022-03-24 16:47:30,972 INFO [root] [Base.py (click:20] - 现在使用xpath定位,找到了元素--,来点击click
2022-03-24 16:47:31,284 INFO [root] [Base.py (input:31] - 现在使用xpath定位,找到了元素--,来输入172.168.30.7
2022-03-24 16:47:31,343 INFO [root] [Base.py (input:31] - 现在使用xpath定位,找到了元素--,来输入3306
2022-03-24 16:47:31,382 INFO [root] [Base.py (input:31] - 现在使用xpath定位,找到了元素--,来输入aiswift_dkg_test
2022-03-24 16:47:31,460 INFO [root] [Base.py (input:31] - 现在使用xpath定位,找到了元素--,来输入dtjoy
2022-03-24 16:47:31,512 INFO [root] [Base.py (input:31] - 现在使用xpath定位,找到了元素--,来输入dtjoy#123
2022-03-24 16:47:31,585 INFO [root] [Base.py (click:20] - 现在使用xpath定位,找到了元素--,来点击click
2022-03-24 16:47:31,967 INFO [root] [Base.py (click:20] - 现在使用xpath定位,找到了元素--,来点击click
2022-03-24 16:47:47,856 INFO [root] [Base.py (input:31] - 现在使用id定位,找到了元素--,来输入gaj
2022-03-24 16:47:47,896 INFO [root] [Base.py (input:31] - 现在使用id定位,找到了元素--,来输入123456
2022-03-24 16:47:47,948 INFO [root] [Base.py (click:20] - 现在使用xpath定位,找到了元素--,来点击click
2022-03-24 16:47:49,186 INFO [root] [Base.py (click:20] - 现在使用xpath定位,找到了元素--,来点击click
2022-03-24 16:47:50,770 INFO [root] [Base.py (click:20] - 现在使用xpath定位,找到了元素--,来点击click
2022-03-24 16:47:50,846 INFO [root] [Base.py (click:20] - 现在使用xpath定位,找到了元素--,来点击click
2022-03-24 16:47:51,113 INFO [root] [Base.py (click:20] - 现在使用xpath定位,找到了元素--,来点击click
2022-03-24 16:47:51,206 INFO [root] [Base.py (click:20] - 现在使用xpath定位,找到了元素--,来点击click
2022-03-24 16:47:51,743 INFO [root] [Base.py (input:31] - 现在使用xpath定位,找到了元素--,来输入mysqlmysql
2022-03-24 16:47:52,318 INFO [root] [Base.py (click:20] - 现在使用xpath定位,找到了元素--,来点击click
2022-03-24 16:47:52,564 INFO [root] [Base.py (input:31] - 现在使用xpath定位,找到了元素--,来输入172.168.30.7
2022-03-24 16:47:52,626 INFO [root] [Base.py (input:31] - 现在使用xpath定位,找到了元素--,来输入3306
2022-03-24 16:47:52,669 INFO [root] [Base.py (input:31] - 现在使用xpath定位,找到了元素--,来输入aiswift_dkg_test
2022-03-24 16:47:52,745 INFO [root] [Base.py (input:31] - 现在使用xpath定位,找到了元素--,来输入dtjoy
2022-03-24 16:47:52,799 INFO [root] [Base.py (input:31] - 现在使用xpath定位,找到了元素--,来输入dtjoy#123
2022-03-24 16:47:52,865 INFO [root] [Base.py (click:20] - 现在使用xpath定位,找到了元素--,来点击click
2022-03-24 16:47:53,250 INFO [root] [Base.py (click:20] - 现在使用xpath定位,找到了元素--,来点击click
2022-03-24 16:48:09,650 INFO [root] [Base.py (input:31] - 现在使用id定位,找到了元素--,来输入gaj
2022-03-24 16:48:09,690 INFO [root] [Base.py (input:31] - 现在使用id定位,找到了元素--,来输入123456
2022-03-24 16:48:09,730 INFO [root] [Base.py (click:20] - 现在使用xpath定位,找到了元素--,来点击click
2022-03-24 16:48:10,996 INFO [root] [Base.py (click:20] - 现在使用xpath定位,找到了元素--,来点击click
2022-03-24 16:48:12,539 INFO [root] [Base.py (click:20] - 现在使用xpath定位,找到了元素--,来点击click
2022-03-24 16:48:12,639 INFO [root] [Base.py (click:20] - 现在使用xpath定位,找到了元素--,来点击click
2022-03-24 16:48:12,902 INFO [root] [Base.py (click:20] - 现在使用xpath定位,找到了元素--,来点击click
2022-03-24 16:48:13,059 INFO [root] [Base.py (click:20] - 现在使用xpath定位,找到了元素--,来点击click
2022-03-24 16:48:13,662 INFO [root] [Base.py (input:31] - 现在使用xpath定位,找到了元素--,来输入mysqlmysql
2022-03-24 16:48:13,922 INFO [root] [Base.py (click:20] - 现在使用xpath定位,找到了元素--,来点击click
2022-03-24 16:48:14,202 INFO [root] [Base.py (input:31] - 现在使用xpath定位,找到了元素--,来输入172.168.30.7
2022-03-24 16:48:14,254 INFO [root] [Base.py (input:31] - 现在使用xpath定位,找到了元素--,来输入3306
2022-03-24 16:48:14,290 INFO [root] [Base.py (input:31] - 现在使用xpath定位,找到了元素--,来输入aiswift_dkg_test
2022-03-24 16:48:14,353 INFO [root] [Base.py (input:31] - 现在使用xpath定位,找到了元素--,来输入dtjoy
2022-03-24 16:48:14,394 INFO [root] [Base.py (input:31] - 现在使用xpath定位,找到了元素--,来输入dtjoy#123
2022-03-24 16:48:14,438 INFO [root] [Base.py (click:20] - 现在使用xpath定位,找到了元素--,来点击click
2022-03-24 16:48:14,802 INFO [root] [Base.py (click:20] - 现在使用xpath定位,找到了元素--,来点击click
2022-03-24 16:48:30,201 INFO [root] [Base.py (input:31] - 现在使用id定位,找到了元素--,来输入gaj
2022-03-24 16:48:30,237 INFO [root] [Base.py (input:31] - 现在使用id定位,找到了元素--,来输入123456
2022-03-24 16:48:30,279 INFO [root] [Base.py (click:20] - 现在使用xpath定位,找到了元素--,来点击click
2022-03-24 16:48:31,542 INFO [root] [Base.py (click:20] - 现在使用xpath定位,找到了元素--,来点击click
2022-03-24 16:48:33,015 INFO [root] [Base.py (click:20] - 现在使用xpath定位,找到了元素--,来点击click
2022-03-24 16:48:33,094 INFO [root] [Base.py (click:20] - 现在使用xpath定位,找到了元素--,来点击click
2022-03-24 16:48:33,368 INFO [root] [Base.py (click:20] - 现在使用xpath定位,找到了元素--,来点击click
2022-03-24 16:48:33,467 INFO [root] [Base.py (click:20] - 现在使用xpath定位,找到了元素--,来点击click
2022-03-24 16:48:33,998 INFO [root] [Base.py (input:31] - 现在使用xpath定位,找到了元素--,来输入mysqlmysql
2022-03-24 16:48:34,478 INFO [root] [Base.py (click:20] - 现在使用xpath定位,找到了元素--,来点击click
2022-03-24 16:48:34,735 INFO [root] [Base.py (input:31] - 现在使用xpath定位,找到了元素--,来输入172.168.30.7
2022-03-24 16:48:34,865 INFO [root] [Base.py (input:31] - 现在使用xpath定位,找到了元素--,来输入3306
2022-03-24 16:48:34,921 INFO [root] [Base.py (input:31] - 现在使用xpath定位,找到了元素--,来输入aiswift_dkg_test
2022-03-24 16:48:35,014 INFO [root] [Base.py (input:31] - 现在使用xpath定位,找到了元素--,来输入dtjoy
2022-03-24 16:48:35,065 INFO [root] [Base.py (input:31] - 现在使用xpath定位,找到了元素--,来输入dtjoy#123
2022-03-24 16:48:35,131 INFO [root] [Base.py (click:20] - 现在使用xpath定位,找到了元素--,来点击click
2022-03-24 16:48:35,573 INFO [root] [Base.py (click:20] - 现在使用xpath定位,找到了元素--,来点击click
2022-03-24 16:48:51,132 INFO [root] [Base.py (input:31] - 现在使用id定位,找到了元素--,来输入gaj
2022-03-24 16:48:51,186 INFO [root] [Base.py (input:31] - 现在使用id定位,找到了元素--,来输入123456
2022-03-24 16:48:51,234 INFO [root] [Base.py (click:20] - 现在使用xpath定位,找到了元素--,来点击click
2022-03-24 16:48:52,487 INFO [root] [Base.py (click:20] - 现在使用xpath定位,找到了元素--,来点击click
2022-03-24 16:48:54,036 INFO [root] [Base.py (click:20] - 现在使用xpath定位,找到了元素--,来点击click
2022-03-24 16:48:54,136 INFO [root] [Base.py (click:20] - 现在使用xpath定位,找到了元素--,来点击click
2022-03-24 16:48:54,420 INFO [root] [Base.py (click:20] - 现在使用xpath定位,找到了元素--,来点击click
2022-03-24 16:48:54,502 INFO [root] [Base.py (click:20] - 现在使用xpath定位,找到了元素--,来点击click
2022-03-24 16:48:55,084 INFO [root] [Base.py (input:31] - 现在使用xpath定位,找到了元素--,来输入@
2022-03-24 16:48:55,473 INFO [root] [Base.py (click:20] - 现在使用xpath定位,找到了元素--,来点击click
2022-03-24 16:48:55,934 INFO [root] [Base.py (input:31] - 现在使用xpath定位,找到了元素--,来输入
2022-03-24 16:48:55,975 INFO [root] [Base.py (input:31] - 现在使用xpath定位,找到了元素--,来输入
2022-03-24 16:48:56,005 INFO [root] [Base.py (input:31] - 现在使用xpath定位,找到了元素--,来输入
2022-03-24 16:48:56,050 INFO [root] [Base.py (input:31] - 现在使用xpath定位,找到了元素--,来输入
2022-03-24 16:48:56,084 INFO [root] [Base.py (input:31] - 现在使用xpath定位,找到了元素--,来输入
2022-03-24 16:48:56,135 INFO [root] [Base.py (click:20] - 现在使用xpath定位,找到了元素--,来点击click
2022-03-24 16:48:57,470 INFO [root] [Base.py (click:20] - 现在使用xpath定位,找到了元素--,来点击click
2022-03-24 16:49:12,121 INFO [root] [Base.py (input:31] - 现在使用id定位,找到了元素--,来输入gaj
2022-03-24 16:49:12,177 INFO [root] [Base.py (input:31] - 现在使用id定位,找到了元素--,来输入123456
2022-03-24 16:49:12,225 INFO [root] [Base.py (click:20] - 现在使用xpath定位,找到了元素--,来点击click
2022-03-24 16:49:13,527 INFO [root] [Base.py (click:20] - 现在使用xpath定位,找到了元素--,来点击click
2022-03-24 16:49:15,035 INFO [root] [Base.py (click:20] - 现在使用xpath定位,找到了元素--,来点击click
2022-03-24 16:49:15,116 INFO [root] [Base.py (click:20] - 现在使用xpath定位,找到了元素--,来点击click
2022-03-24 16:49:15,385 INFO [root] [Base.py (click:20] - 现在使用xpath定位,找到了元素--,来点击click
2022-03-24 16:49:15,479 INFO [root] [Base.py (click:20] - 现在使用xpath定位,找到了元素--,来点击click
2022-03-24 16:49:15,972 INFO [root] [Base.py (input:31] - 现在使用xpath定位,找到了元素--,来输入
2022-03-24 16:49:16,368 INFO [root] [Base.py (click:20] - 现在使用xpath定位,找到了元素--,来点击click
2022-03-24 16:49:16,883 INFO [root] [Base.py (input:31] - 现在使用xpath定位,找到了元素--,来输入172.168.30.13
2022-03-24 16:49:16,954 INFO [root] [Base.py (input:31] - 现在使用xpath定位,找到了元素--,来输入22
2022-03-24 16:49:16,988 INFO [root] [Base.py (input:31] - 现在使用xpath定位,找到了元素--,来输入
2022-03-24 16:49:17,017 INFO [root] [Base.py (input:31] - 现在使用xpath定位,找到了元素--,来输入
2022-03-24 16:49:17,038 INFO [root] [Base.py (input:31] - 现在使用xpath定位,找到了元素--,来输入
2022-03-24 16:49:17,068 INFO [root] [Base.py (click:20] - 现在使用xpath定位,找到了元素--,来点击click
2022-03-24 16:49:18,344 INFO [root] [Base.py (click:20] - 现在使用xpath定位,找到了元素--,来点击click
2022-03-24 16:49:31,673 INFO [root] [Base.py (input:31] - 现在使用id定位,找到了元素--,来输入gaj
2022-03-24 16:49:31,708 INFO [root] [Base.py (input:31] - 现在使用id定位,找到了元素--,来输入123456
2022-03-24 16:49:31,742 INFO [root] [Base.py (click:20] - 现在使用xpath定位,找到了元素--,来点击click
2022-03-24 16:49:33,006 INFO [root] [Base.py (click:20] - 现在使用xpath定位,找到了元素--,来点击click
2022-03-24 16:49:34,504 INFO [root] [Base.py (click:20] - 现在使用xpath定位,找到了元素--,来点击click
2022-03-24 16:49:34,589 INFO [root] [Base.py (click:20] - 现在使用xpath定位,找到了元素--,来点击click
2022-03-24 16:49:34,852 INFO [root] [Base.py (click:20] - 现在使用xpath定位,找到了元素--,来点击click
2022-03-24 16:49:34,963 INFO [root] [Base.py (click:20] - 现在使用xpath定位,找到了元素--,来点击click
2022-03-24 16:49:35,556 INFO [root] [Base.py (input:31] - 现在使用xpath定位,找到了元素--,来输入
2022-03-24 16:49:35,846 INFO [root] [Base.py (click:20] - 现在使用xpath定位,找到了元素--,来点击click
2022-03-24 16:49:36,351 INFO [root] [Base.py (input:31] - 现在使用xpath定位,找到了元素--,来输入172.168.30.13
2022-03-24 16:49:36,436 INFO [root] [Base.py (input:31] - 现在使用xpath定位,找到了元素--,来输入22
2022-03-24 16:49:36,465 INFO [root] [Base.py (input:31] - 现在使用xpath定位,找到了元素--,来输入/root/wenlx/demo-data-20210719.xlsx
2022-03-24 16:49:36,585 INFO [root] [Base.py (input:31] - 现在使用xpath定位,找到了元素--,来输入
2022-03-24 16:49:36,602 INFO [root] [Base.py (input:31] - 现在使用xpath定位,找到了元素--,来输入
2022-03-24 16:49:36,631 INFO [root] [Base.py (click:20] - 现在使用xpath定位,找到了元素--,来点击click
2022-03-24 16:49:37,926 INFO [root] [Base.py (click:20] - 现在使用xpath定位,找到了元素--,来点击click
2022-03-24 16:49:51,710 INFO [root] [Base.py (input:31] - 现在使用id定位,找到了元素--,来输入gaj
2022-03-24 16:49:51,754 INFO [root] [Base.py (input:31] - 现在使用id定位,找到了元素--,来输入123456
2022-03-24 16:49:51,791 INFO [root] [Base.py (click:20] - 现在使用xpath定位,找到了元素--,来点击click
2022-03-24 16:49:53,088 INFO [root] [Base.py (click:20] - 现在使用xpath定位,找到了元素--,来点击click
2022-03-24 16:49:54,631 INFO [root] [Base.py (click:20] - 现在使用xpath定位,找到了元素--,来点击click
2022-03-24 16:49:54,712 INFO [root] [Base.py (click:20] - 现在使用xpath定位,找到了元素--,来点击click
2022-03-24 16:49:54,966 INFO [root] [Base.py (click:20] - 现在使用xpath定位,找到了元素--,来点击click
2022-03-24 16:49:55,043 INFO [root] [Base.py (click:20] - 现在使用xpath定位,找到了元素--,来点击click
2022-03-24 16:49:55,539 INFO [root] [Base.py (input:31] - 现在使用xpath定位,找到了元素--,来输入
2022-03-24 16:49:55,952 INFO [root] [Base.py (click:20] - 现在使用xpath定位,找到了元素--,来点击click
2022-03-24 16:49:56,350 INFO [root] [Base.py (input:31] - 现在使用xpath定位,找到了元素--,来输入172.168.30.13
2022-03-24 16:49:56,468 INFO [root] [Base.py (input:31] - 现在使用xpath定位,找到了元素--,来输入22
2022-03-24 16:49:56,502 INFO [root] [Base.py (input:31] - 现在使用xpath定位,找到了元素--,来输入/root/wenlx/demo-data-20210719.xlsx
2022-03-24 16:49:56,651 INFO [root] [Base.py (input:31] - 现在使用xpath定位,找到了元素--,来输入root
2022-03-24 16:49:56,729 INFO [root] [Base.py (input:31] - 现在使用xpath定位,找到了元素--,来输入
2022-03-24 16:49:56,770 INFO [root] [Base.py (click:20] - 现在使用xpath定位,找到了元素--,来点击click
2022-03-24 16:49:58,050 INFO [root] [Base.py (click:20] - 现在使用xpath定位,找到了元素--,来点击click
2022-03-24 16:50:12,081 INFO [root] [Base.py (input:31] - 现在使用id定位,找到了元素--,来输入gaj
2022-03-24 16:50:12,120 INFO [root] [Base.py (input:31] - 现在使用id定位,找到了元素--,来输入123456
2022-03-24 16:50:12,158 INFO [root] [Base.py (click:20] - 现在使用xpath定位,找到了元素--,来点击click
2022-03-24 16:50:13,400 INFO [root] [Base.py (click:20] - 现在使用xpath定位,找到了元素--,来点击click
2022-03-24 16:50:14,955 INFO [root] [Base.py (click:20] - 现在使用xpath定位,找到了元素--,来点击click
2022-03-24 16:50:15,051 INFO [root] [Base.py (click:20] - 现在使用xpath定位,找到了元素--,来点击click
2022-03-24 16:50:15,353 INFO [root] [Base.py (click:20] - 现在使用xpath定位,找到了元素--,来点击click
2022-03-24 16:50:15,502 INFO [root] [Base.py (click:20] - 现在使用xpath定位,找到了元素--,来点击click
2022-03-24 16:50:15,894 INFO [root] [Base.py (input:31] - 现在使用xpath定位,找到了元素--,来输入
2022-03-24 16:50:16,272 INFO [root] [Base.py (click:20] - 现在使用xpath定位,找到了元素--,来点击click
2022-03-24 16:50:16,651 INFO [root] [Base.py (input:31] - 现在使用xpath定位,找到了元素--,来输入172.168.30.13.13
2022-03-24 16:50:16,738 INFO [root] [Base.py (input:31] - 现在使用xpath定位,找到了元素--,来输入2222223
2022-03-24 16:50:16,787 INFO [root] [Base.py (input:31] - 现在使用xpath定位,找到了元素--,来输入/root/wenlx/demo-data-20210719.xlsx
2022-03-24 16:50:16,900 INFO [root] [Base.py (input:31] - 现在使用xpath定位,找到了元素--,来输入root
2022-03-24 16:50:16,938 INFO [root] [Base.py (input:31] - 现在使用xpath定位,找到了元素--,来输入admin
2022-03-24 16:50:16,983 INFO [root] [Base.py (click:20] - 现在使用xpath定位,找到了元素--,来点击click
2022-03-24 16:50:18,249 INFO [root] [Base.py (click:20] - 现在使用xpath定位,找到了元素--,来点击click
2022-03-24 16:50:31,865 INFO [root] [Base.py (input:31] - 现在使用id定位,找到了元素--,来输入gaj
2022-03-24 16:50:31,932 INFO [root] [Base.py (input:31] - 现在使用id定位,找到了元素--,来输入123456
2022-03-24 16:50:32,009 INFO [root] [Base.py (click:20] - 现在使用xpath定位,找到了元素--,来点击click
2022-03-24 16:50:33,267 INFO [root] [Base.py (click:20] - 现在使用xpath定位,找到了元素--,来点击click
2022-03-24 16:50:34,929 INFO [root] [Base.py (click:20] - 现在使用xpath定位,找到了元素--,来点击click
2022-03-24 16:50:35,050 INFO [root] [Base.py (click:20] - 现在使用xpath定位,找到了元素--,来点击click
2022-03-24 16:50:35,340 INFO [root] [Base.py (click:20] - 现在使用xpath定位,找到了元素--,来点击click
2022-03-24 16:50:35,421 INFO [root] [Base.py (click:20] - 现在使用xpath定位,找到了元素--,来点击click
2022-03-24 16:50:36,005 INFO [root] [Base.py (input:31] - 现在使用xpath定位,找到了元素--,来输入123456789789654133654788522
2022-03-24 16:50:36,542 INFO [root] [Base.py (click:20] - 现在使用xpath定位,找到了元素--,来点击click
2022-03-24 16:50:36,879 INFO [root] [Base.py (input:31] - 现在使用xpath定位,找到了元素--,来输入172.168.30.13
2022-03-24 16:50:36,976 INFO [root] [Base.py (input:31] - 现在使用xpath定位,找到了元素--,来输入22
2022-03-24 16:50:37,011 INFO [root] [Base.py (input:31] - 现在使用xpath定位,找到了元素--,来输入/root/wenlx/demo-data-20210719.xlsx
2022-03-24 16:50:37,185 INFO [root] [Base.py (input:31] - 现在使用xpath定位,找到了元素--,来输入root
2022-03-24 16:50:37,238 INFO [root] [Base.py (input:31] - 现在使用xpath定位,找到了元素--,来输入admin
2022-03-24 16:50:37,286 INFO [root] [Base.py (click:20] - 现在使用xpath定位,找到了元素--,来点击click
2022-03-24 16:50:38,675 INFO [root] [Base.py (click:20] - 现在使用xpath定位,找到了元素--,来点击click
2022-03-24 16:50:52,443 INFO [root] [Base.py (input:31] - 现在使用id定位,找到了元素--,来输入gaj
2022-03-24 16:50:52,484 INFO [root] [Base.py (input:31] - 现在使用id定位,找到了元素--,来输入123456
2022-03-24 16:50:52,523 INFO [root] [Base.py (click:20] - 现在使用xpath定位,找到了元素--,来点击click
2022-03-24 16:50:53,779 INFO [root] [Base.py (click:20] - 现在使用xpath定位,找到了元素--,来点击click
2022-03-24 16:50:55,426 INFO [root] [Base.py (click:20] - 现在使用xpath定位,找到了元素--,来点击click
2022-03-24 16:50:55,512 INFO [root] [Base.py (click:20] - 现在使用xpath定位,找到了元素--,来点击click
2022-03-24 16:50:55,784 INFO [root] [Base.py (click:20] - 现在使用xpath定位,找到了元素--,来点击click
2022-03-24 16:50:55,923 INFO [root] [Base.py (click:20] - 现在使用xpath定位,找到了元素--,来点击click
2022-03-24 16:50:56,410 INFO [root] [Base.py (input:31] - 现在使用xpath定位,找到了元素--,来输入excelexcel
2022-03-24 16:50:56,927 INFO [root] [Base.py (click:20] - 现在使用xpath定位,找到了元素--,来点击click
2022-03-24 16:50:57,273 INFO [root] [Base.py (input:31] - 现在使用xpath定位,找到了元素--,来输入172.168.30.13
2022-03-24 16:50:57,348 INFO [root] [Base.py (input:31] - 现在使用xpath定位,找到了元素--,来输入22
2022-03-24 16:50:57,387 INFO [root] [Base.py (input:31] - 现在使用xpath定位,找到了元素--,来输入/root/wenlx/demo-data-20210719.xlsx
2022-03-24 16:50:57,537 INFO [root] [Base.py (input:31] - 现在使用xpath定位,找到了元素--,来输入root
2022-03-24 16:50:57,585 INFO [root] [Base.py (input:31] - 现在使用xpath定位,找到了元素--,来输入admi
2022-03-24 16:50:57,633 INFO [root] [Base.py (click:20] - 现在使用xpath定位,找到了元素--,来点击click
2022-03-24 16:50:59,005 INFO [root] [Base.py (click:20] - 现在使用xpath定位,找到了元素--,来点击click
2022-03-24 16:51:13,711 INFO [root] [Base.py (input:31] - 现在使用id定位,找到了元素--,来输入gaj
2022-03-24 16:51:13,754 INFO [root] [Base.py (input:31] - 现在使用id定位,找到了元素--,来输入123456
2022-03-24 16:51:13,796 INFO [root] [Base.py (click:20] - 现在使用xpath定位,找到了元素--,来点击click
2022-03-24 16:51:15,048 INFO [root] [Base.py (click:20] - 现在使用xpath定位,找到了元素--,来点击click
2022-03-24 16:51:16,522 INFO [root] [Base.py (click:20] - 现在使用xpath定位,找到了元素--,来点击click
2022-03-24 16:51:16,594 INFO [root] [Base.py (click:20] - 现在使用xpath定位,找到了元素--,来点击click
2022-03-24 16:51:16,849 INFO [root] [Base.py (click:20] - 现在使用xpath定位,找到了元素--,来点击click
2022-03-24 16:51:16,936 INFO [root] [Base.py (click:20] - 现在使用xpath定位,找到了元素--,来点击click
2022-03-24 16:51:17,254 INFO [root] [Base.py (input:31] - 现在使用xpath定位,找到了元素--,来输入excelexcel
2022-03-24 16:51:17,501 INFO [root] [Base.py (click:20] - 现在使用xpath定位,找到了元素--,来点击click
2022-03-24 16:51:17,804 INFO [root] [Base.py (input:31] - 现在使用xpath定位,找到了元素--,来输入172.168.30.13
2022-03-24 16:51:17,868 INFO [root] [Base.py (input:31] - 现在使用xpath定位,找到了元素--,来输入22
2022-03-24 16:51:17,896 INFO [root] [Base.py (input:31] - 现在使用xpath定位,找到了元素--,来输入555
2022-03-24 16:51:17,933 INFO [root] [Base.py (input:31] - 现在使用xpath定位,找到了元素--,来输入root
2022-03-24 16:51:17,966 INFO [root] [Base.py (input:31] - 现在使用xpath定位,找到了元素--,来输入admin
2022-03-24 16:51:18,006 INFO [root] [Base.py (click:20] - 现在使用xpath定位,找到了元素--,来点击click
2022-03-24 16:51:19,264 INFO [root] [Base.py (click:20] - 现在使用xpath定位,找到了元素--,来点击click
2022-03-24 16:51:33,000 INFO [root] [Base.py (input:31] - 现在使用id定位,找到了元素--,来输入gaj
2022-03-24 16:51:33,044 INFO [root] [Base.py (input:31] - 现在使用id定位,找到了元素--,来输入123456
2022-03-24 16:51:33,095 INFO [root] [Base.py (click:20] - 现在使用xpath定位,找到了元素--,来点击click
2022-03-24 16:51:34,359 INFO [root] [Base.py (click:20] - 现在使用xpath定位,找到了元素--,来点击click
2022-03-24 16:51:35,907 INFO [root] [Base.py (click:20] - 现在使用xpath定位,找到了元素--,来点击click
2022-03-24 16:51:35,990 INFO [root] [Base.py (click:20] - 现在使用xpath定位,找到了元素--,来点击click
2022-03-24 16:51:36,239 INFO [root] [Base.py (click:20] - 现在使用xpath定位,找到了元素--,来点击click
2022-03-24 16:51:36,341 INFO [root] [Base.py (click:20] - 现在使用xpath定位,找到了元素--,来点击click
2022-03-24 16:51:36,852 INFO [root] [Base.py (input:31] - 现在使用xpath定位,找到了元素--,来输入excelexcel
2022-03-24 16:51:37,388 INFO [root] [Base.py (click:20] - 现在使用xpath定位,找到了元素--,来点击click
2022-03-24 16:51:37,716 INFO [root] [Base.py (input:31] - 现在使用xpath定位,找到了元素--,来输入172.168.30.13
2022-03-24 16:51:37,780 INFO [root] [Base.py (input:31] - 现在使用xpath定位,找到了元素--,来输入22
2022-03-24 16:51:37,813 INFO [root] [Base.py (input:31] - 现在使用xpath定位,找到了元素--,来输入/root/wenlx/demo-data-20210719.xlsx
2022-03-24 16:51:37,934 INFO [root] [Base.py (input:31] - 现在使用xpath定位,找到了元素--,来输入root
2022-03-24 16:51:37,969 INFO [root] [Base.py (input:31] - 现在使用xpath定位,找到了元素--,来输入admin
2022-03-24 16:51:38,016 INFO [root] [Base.py (click:20] - 现在使用xpath定位,找到了元素--,来点击click
2022-03-24 16:51:39,400 INFO [root] [Base.py (click:20] - 现在使用xpath定位,找到了元素--,来点击click
2022-03-24 16:51:54,112 INFO [root] [Base.py (input:31] - 现在使用id定位,找到了元素--,来输入gaj
2022-03-24 16:51:54,165 INFO [root] [Base.py (input:31] - 现在使用id定位,找到了元素--,来输入123456
2022-03-24 16:51:54,209 INFO [root] [Base.py (click:20] - 现在使用xpath定位,找到了元素--,来点击click
2022-03-24 16:51:55,463 INFO [root] [Base.py (click:20] - 现在使用xpath定位,找到了元素--,来点击click
2022-03-24 16:51:57,062 INFO [root] [Base.py (click:20] - 现在使用xpath定位,找到了元素--,来点击click
2022-03-24 16:51:57,140 INFO [root] [Base.py (click:20] - 现在使用xpath定位,找到了元素--,来点击click
2022-03-24 16:51:57,403 INFO [root] [Base.py (click:20] - 现在使用xpath定位,找到了元素--,来点击click
2022-03-24 16:51:57,578 INFO [root] [Base.py (click:20] - 现在使用xpath定位,找到了元素--,来点击click
2022-03-24 16:51:58,186 INFO [root] [Base.py (input:31] - 现在使用xpath定位,找到了元素--,来输入excelexcel
2022-03-24 16:51:58,691 INFO [root] [Base.py (click:20] - 现在使用xpath定位,找到了元素--,来点击click
2022-03-24 16:51:59,100 INFO [root] [Base.py (input:31] - 现在使用xpath定位,找到了元素--,来输入172.168.30.13
2022-03-24 16:51:59,187 INFO [root] [Base.py (input:31] - 现在使用xpath定位,找到了元素--,来输入22
2022-03-24 16:51:59,249 INFO [root] [Base.py (input:31] - 现在使用xpath定位,找到了元素--,来输入/root/wenlx/demo-data-20210719.xlsx
2022-03-24 16:51:59,418 INFO [root] [Base.py (input:31] - 现在使用xpath定位,找到了元素--,来输入root
2022-03-24 16:51:59,467 INFO [root] [Base.py (input:31] - 现在使用xpath定位,找到了元素--,来输入admin
2022-03-24 16:51:59,516 INFO [root] [Base.py (click:20] - 现在使用xpath定位,找到了元素--,来点击click
2022-03-24 16:52:00,925 INFO [root] [Base.py (click:20] - 现在使用xpath定位,找到了元素--,来点击click
2022-03-24 16:52:14,699 INFO [root] [Base.py (input:31] - 现在使用id定位,找到了元素--,来输入gaj
2022-03-24 16:52:14,750 INFO [root] [Base.py (input:31] - 现在使用id定位,找到了元素--,来输入123456
2022-03-24 16:52:14,791 INFO [root] [Base.py (click:20] - 现在使用xpath定位,找到了元素--,来点击click
2022-03-24 16:52:16,030 INFO [root] [Base.py (click:20] - 现在使用xpath定位,找到了元素--,来点击click
2022-03-24 16:52:17,520 INFO [root] [Base.py (click:20] - 现在使用xpath定位,找到了元素--,来点击click
2022-03-24 16:52:17,590 INFO [root] [Base.py (click:20] - 现在使用xpath定位,找到了元素--,来点击click
2022-03-24 16:52:17,852 INFO [root] [Base.py (click:20] - 现在使用xpath定位,找到了元素--,来点击click
2022-03-24 16:52:37,319 ERROR [root] [Base.py (click:25] - 查找元素失败,xpath://body/div[@id='root']//div[1]/section[1]//div[1]/div[2]/button[1]
2022-03-24 16:52:37,320 ERROR [root] [Base.py (input:37] - 查找元素失败,xpath://input[@id='datasourceName']
2022-03-24 16:52:37,322 ERROR [root] [Base.py (click:25] - 查找元素失败,xpath://body[1]/div[2]/div[1]/div[2]/div[1]/div[2]/div[2]/form[1]/div[2]/div[2]//div[1]/label[5]/span[2]
2022-03-24 16:52:37,323 ERROR [root] [Base.py (input:37] - 查找元素失败,xpath://input[@id='databaseIp']
2022-03-24 16:52:37,325 ERROR [root] [Base.py (input:37] - 查找元素失败,xpath://input[@id='databasePort']
2022-03-24 16:52:37,326 ERROR [root] [Base.py (input:37] - 查找元素失败,xpath://input[@id='fileDirectory']
2022-03-24 16:52:37,328 ERROR [root] [Base.py (input:37] - 查找元素失败,xpath://input[@id='databaseUserName']
2022-03-24 16:52:37,329 ERROR [root] [Base.py (input:37] - 查找元素失败,xpath://input[@id='databasePassword']
2022-03-24 16:52:37,330 ERROR [root] [Base.py (input:37] - 查找元素失败,xpath://input[@id='separator']
2022-03-24 16:52:37,333 ERROR [root] [Base.py (click:25] - 查找元素失败,xpath://span[contains(text(),'测 试')]
2022-03-24 16:52:38,348 ERROR [root] [Base.py (click:25] - 查找元素失败,xpath://body/div[2]/div[1]/div[2]/div[1]/div[2]/div[3]/button[2]
2022-03-24 16:53:04,566 INFO [root] [Base.py (input:31] - 现在使用id定位,找到了元素--,来输入gaj
2022-03-24 16:53:04,611 INFO [root] [Base.py (input:31] - 现在使用id定位,找到了元素--,来输入123456
2022-03-24 16:53:04,654 INFO [root] [Base.py (click:20] - 现在使用xpath定位,找到了元素--,来点击click
2022-03-24 16:53:06,380 INFO [root] [Base.py (click:20] - 现在使用xpath定位,找到了元素--,来点击click
2022-03-24 16:53:07,954 INFO [root] [Base.py (click:20] - 现在使用xpath定位,找到了元素--,来点击click
2022-03-24 16:53:08,017 INFO [root] [Base.py (click:20] - 现在使用xpath定位,找到了元素--,来点击click
2022-03-24 16:53:09,785 INFO [root] [Base.py (click:20] - 现在使用xpath定位,找到了元素--,来点击click
2022-03-24 16:53:30,952 INFO [root] [Base.py (input:31] - 现在使用id定位,找到了元素--,来输入gaj
2022-03-24 16:53:30,991 INFO [root] [Base.py (input:31] - 现在使用id定位,找到了元素--,来输入123456
2022-03-24 16:53:31,040 INFO [root] [Base.py (click:20] - 现在使用xpath定位,找到了元素--,来点击click
2022-03-24 16:53:32,306 INFO [root] [Base.py (click:20] - 现在使用xpath定位,找到了元素--,来点击click
2022-03-24 16:53:33,798 INFO [root] [Base.py (click:20] - 现在使用xpath定位,找到了元素--,来点击click
2022-03-24 16:53:33,867 INFO [root] [Base.py (click:20] - 现在使用xpath定位,找到了元素--,来点击click
2022-03-24 16:53:34,109 INFO [root] [Base.py (click:20] - 现在使用xpath定位,找到了元素--,来点击click
2022-03-24 16:53:49,508 INFO [root] [Base.py (input:31] - 现在使用id定位,找到了元素--,来输入gaj
2022-03-24 16:53:49,546 INFO [root] [Base.py (input:31] - 现在使用id定位,找到了元素--,来输入123456
2022-03-24 16:53:49,586 INFO [root] [Base.py (click:20] - 现在使用xpath定位,找到了元素--,来点击click
2022-03-24 16:53:50,827 INFO [root] [Base.py (click:20] - 现在使用xpath定位,找到了元素--,来点击click
2022-03-24 16:53:52,839 INFO [root] [Base.py (click:20] - 现在使用xpath定位,找到了元素--,来点击click
2022-03-24 16:53:52,929 INFO [root] [Base.py (click:20] - 现在使用xpath定位,找到了元素--,来点击click
2022-03-24 16:53:53,168 INFO [root] [Base.py (click:20] - 现在使用xpath定位,找到了元素--,来点击click
2022-03-24 16:53:53,246 INFO [root] [Base.py (click:20] - 现在使用xpath定位,找到了元素--,来点击click
2022-03-24 16:53:53,761 INFO [root] [Base.py (input:31] - 现在使用xpath定位,找到了元素--,来输入
2022-03-24 16:53:54,256 INFO [root] [Base.py (click:20] - 现在使用xpath定位,找到了元素--,来点击click
2022-03-24 16:53:54,854 INFO [root] [Base.py (input:31] - 现在使用xpath定位,找到了元素--,来输入172.168.30.13
2022-03-24 16:53:54,947 INFO [root] [Base.py (input:31] - 现在使用xpath定位,找到了元素--,来输入22
2022-03-24 16:53:54,988 INFO [root] [Base.py (input:31] - 现在使用xpath定位,找到了元素--,来输入
2022-03-24 16:53:55,014 INFO [root] [Base.py (input:31] - 现在使用xpath定位,找到了元素--,来输入
2022-03-24 16:53:55,044 INFO [root] [Base.py (input:31] - 现在使用xpath定位,找到了元素--,来输入
2022-03-24 16:53:55,070 INFO [root] [Base.py (input:31] - 现在使用xpath定位,找到了元素--,来输入
2022-03-24 16:53:55,117 INFO [root] [Base.py (click:20] - 现在使用xpath定位,找到了元素--,来点击click
2022-03-24 16:53:56,408 INFO [root] [Base.py (click:20] - 现在使用xpath定位,找到了元素--,来点击click
2022-03-24 16:54:11,405 INFO [root] [Base.py (input:31] - 现在使用id定位,找到了元素--,来输入gaj
2022-03-24 16:54:11,448 INFO [root] [Base.py (input:31] - 现在使用id定位,找到了元素--,来输入123456
2022-03-24 16:54:11,488 INFO [root] [Base.py (click:20] - 现在使用xpath定位,找到了元素--,来点击click
2022-03-24 16:54:12,757 INFO [root] [Base.py (click:20] - 现在使用xpath定位,找到了元素--,来点击click
2022-03-24 16:54:14,281 INFO [root] [Base.py (click:20] - 现在使用xpath定位,找到了元素--,来点击click
2022-03-24 16:54:14,356 INFO [root] [Base.py (click:20] - 现在使用xpath定位,找到了元素--,来点击click
2022-03-24 16:54:14,632 INFO [root] [Base.py (click:20] - 现在使用xpath定位,找到了元素--,来点击click
2022-03-24 16:54:14,716 INFO [root] [Base.py (click:20] - 现在使用xpath定位,找到了元素--,来点击click
2022-03-24 16:54:15,325 INFO [root] [Base.py (input:31] - 现在使用xpath定位,找到了元素--,来输入
2022-03-24 16:54:15,439 INFO [root] [Base.py (click:20] - 现在使用xpath定位,找到了元素--,来点击click
2022-03-24 16:54:15,878 INFO [root] [Base.py (input:31] - 现在使用xpath定位,找到了元素--,来输入172.168.30.13
2022-03-24 16:54:15,950 INFO [root] [Base.py (input:31] - 现在使用xpath定位,找到了元素--,来输入22
2022-03-24 16:54:15,975 INFO [root] [Base.py (input:31] - 现在使用xpath定位,找到了元素--,来输入/root/wenlx/template_目录.csv
2022-03-24 16:54:16,067 INFO [root] [Base.py (input:31] - 现在使用xpath定位,找到了元素--,来输入
2022-03-24 16:54:16,084 INFO [root] [Base.py (input:31] - 现在使用xpath定位,找到了元素--,来输入
2022-03-24 16:54:16,117 INFO [root] [Base.py (input:31] - 现在使用xpath定位,找到了元素--,来输入
2022-03-24 16:54:16,172 INFO [root] [Base.py (click:20] - 现在使用xpath定位,找到了元素--,来点击click
2022-03-24 16:54:17,469 INFO [root] [Base.py (click:20] - 现在使用xpath定位,找到了元素--,来点击click
2022-03-24 16:54:32,634 INFO [root] [Base.py (input:31] - 现在使用id定位,找到了元素--,来输入gaj
2022-03-24 16:54:32,673 INFO [root] [Base.py (input:31] - 现在使用id定位,找到了元素--,来输入123456
2022-03-24 16:54:32,708 INFO [root] [Base.py (click:20] - 现在使用xpath定位,找到了元素--,来点击click
2022-03-24 16:54:33,952 INFO [root] [Base.py (click:20] - 现在使用xpath定位,找到了元素--,来点击click
2022-03-24 16:54:35,496 INFO [root] [Base.py (click:20] - 现在使用xpath定位,找到了元素--,来点击click
2022-03-24 16:54:35,563 INFO [root] [Base.py (click:20] - 现在使用xpath定位,找到了元素--,来点击click
2022-03-24 16:54:35,821 INFO [root] [Base.py (click:20] - 现在使用xpath定位,找到了元素--,来点击click
2022-03-24 16:54:35,916 INFO [root] [Base.py (click:20] - 现在使用xpath定位,找到了元素--,来点击click
2022-03-24 16:54:36,304 INFO [root] [Base.py (input:31] - 现在使用xpath定位,找到了元素--,来输入
2022-03-24 16:54:36,724 INFO [root] [Base.py (click:20] - 现在使用xpath定位,找到了元素--,来点击click
2022-03-24 16:54:37,233 INFO [root] [Base.py (input:31] - 现在使用xpath定位,找到了元素--,来输入172.168.30.13
2022-03-24 16:54:37,314 INFO [root] [Base.py (input:31] - 现在使用xpath定位,找到了元素--,来输入22
2022-03-24 16:54:37,354 INFO [root] [Base.py (input:31] - 现在使用xpath定位,找到了元素--,来输入/root/wenlx/template_目录.csv
2022-03-24 16:54:37,462 INFO [root] [Base.py (input:31] - 现在使用xpath定位,找到了元素--,来输入root
2022-03-24 16:54:37,500 INFO [root] [Base.py (input:31] - 现在使用xpath定位,找到了元素--,来输入
2022-03-24 16:54:37,524 INFO [root] [Base.py (input:31] - 现在使用xpath定位,找到了元素--,来输入
2022-03-24 16:54:37,563 INFO [root] [Base.py (click:20] - 现在使用xpath定位,找到了元素--,来点击click
2022-03-24 16:54:38,832 INFO [root] [Base.py (click:20] - 现在使用xpath定位,找到了元素--,来点击click
2022-03-24 16:54:52,892 INFO [root] [Base.py (input:31] - 现在使用id定位,找到了元素--,来输入gaj
2022-03-24 16:54:52,949 INFO [root] [Base.py (input:31] - 现在使用id定位,找到了元素--,来输入123456
2022-03-24 16:54:52,990 INFO [root] [Base.py (click:20] - 现在使用xpath定位,找到了元素--,来点击click
2022-03-24 16:54:54,236 INFO [root] [Base.py (click:20] - 现在使用xpath定位,找到了元素--,来点击click
2022-03-24 16:54:55,829 INFO [root] [Base.py (click:20] - 现在使用xpath定位,找到了元素--,来点击click
2022-03-24 16:54:55,935 INFO [root] [Base.py (click:20] - 现在使用xpath定位,找到了元素--,来点击click
2022-03-24 16:54:56,286 INFO [root] [Base.py (click:20] - 现在使用xpath定位,找到了元素--,来点击click
2022-03-24 16:54:56,518 INFO [root] [Base.py (click:20] - 现在使用xpath定位,找到了元素--,来点击click
2022-03-24 16:54:57,154 INFO [root] [Base.py (input:31] - 现在使用xpath定位,找到了元素--,来输入
2022-03-24 16:54:57,507 INFO [root] [Base.py (click:20] - 现在使用xpath定位,找到了元素--,来点击click
2022-03-24 16:54:57,980 INFO [root] [Base.py (input:31] - 现在使用xpath定位,找到了元素--,来输入172.168.30.13.13
2022-03-24 16:54:58,064 INFO [root] [Base.py (input:31] - 现在使用xpath定位,找到了元素--,来输入2222223
2022-03-24 16:54:58,118 INFO [root] [Base.py (input:31] - 现在使用xpath定位,找到了元素--,来输入/root/wenlx/template_目录.csv
2022-03-24 16:54:58,221 INFO [root] [Base.py (input:31] - 现在使用xpath定位,找到了元素--,来输入root
2022-03-24 16:54:58,263 INFO [root] [Base.py (input:31] - 现在使用xpath定位,找到了元素--,来输入admin
2022-03-24 16:54:58,303 INFO [root] [Base.py (input:31] - 现在使用xpath定位,找到了元素--,来输入,
2022-03-24 16:54:58,352 INFO [root] [Base.py (click:20] - 现在使用xpath定位,找到了元素--,来点击click
2022-03-24 16:54:59,629 INFO [root] [Base.py (click:20] - 现在使用xpath定位,找到了元素--,来点击click
2022-03-24 16:55:14,087 INFO [root] [Base.py (input:31] - 现在使用id定位,找到了元素--,来输入gaj
2022-03-24 16:55:14,122 INFO [root] [Base.py (input:31] - 现在使用id定位,找到了元素--,来输入123456
2022-03-24 16:55:14,160 INFO [root] [Base.py (click:20] - 现在使用xpath定位,找到了元素--,来点击click
2022-03-24 16:55:15,402 INFO [root] [Base.py (click:20] - 现在使用xpath定位,找到了元素--,来点击click
2022-03-24 16:55:16,916 INFO [root] [Base.py (click:20] - 现在使用xpath定位,找到了元素--,来点击click
2022-03-24 16:55:16,992 INFO [root] [Base.py (click:20] - 现在使用xpath定位,找到了元素--,来点击click
2022-03-24 16:55:17,248 INFO [root] [Base.py (click:20] - 现在使用xpath定位,找到了元素--,来点击click
2022-03-24 16:55:17,306 INFO [root] [Base.py (click:20] - 现在使用xpath定位,找到了元素--,来点击click
2022-03-24 16:55:17,790 INFO [root] [Base.py (input:31] - 现在使用xpath定位,找到了元素--,来输入123456789789654133654788522
2022-03-24 16:55:18,197 INFO [root] [Base.py (click:20] - 现在使用xpath定位,找到了元素--,来点击click
2022-03-24 16:55:18,544 INFO [root] [Base.py (input:31] - 现在使用xpath定位,找到了元素--,来输入172.168.30.7
2022-03-24 16:55:18,595 INFO [root] [Base.py (input:31] - 现在使用xpath定位,找到了元素--,来输入22
2022-03-24 16:55:18,619 INFO [root] [Base.py (input:31] - 现在使用xpath定位,找到了元素--,来输入/root/wenlx/template_目录.csv
2022-03-24 16:55:18,718 INFO [root] [Base.py (input:31] - 现在使用xpath定位,找到了元素--,来输入root
2022-03-24 16:55:18,752 INFO [root] [Base.py (input:31] - 现在使用xpath定位,找到了元素--,来输入admin
2022-03-24 16:55:18,789 INFO [root] [Base.py (input:31] - 现在使用xpath定位,找到了元素--,来输入,
2022-03-24 16:55:18,829 INFO [root] [Base.py (click:20] - 现在使用xpath定位,找到了元素--,来点击click
2022-03-24 16:55:20,186 INFO [root] [Base.py (click:20] - 现在使用xpath定位,找到了元素--,来点击click
2022-03-24 16:55:34,193 INFO [root] [Base.py (input:31] - 现在使用id定位,找到了元素--,来输入gaj
2022-03-24 16:55:34,239 INFO [root] [Base.py (input:31] - 现在使用id定位,找到了元素--,来输入123456
2022-03-24 16:55:34,282 INFO [root] [Base.py (click:20] - 现在使用xpath定位,找到了元素--,来点击click
2022-03-24 16:55:35,524 INFO [root] [Base.py (click:20] - 现在使用xpath定位,找到了元素--,来点击click
2022-03-24 16:55:37,094 INFO [root] [Base.py (click:20] - 现在使用xpath定位,找到了元素--,来点击click
2022-03-24 16:55:37,167 INFO [root] [Base.py (click:20] - 现在使用xpath定位,找到了元素--,来点击click
2022-03-24 16:55:37,421 INFO [root] [Base.py (click:20] - 现在使用xpath定位,找到了元素--,来点击click
2022-03-24 16:55:52,342 INFO [root] [Base.py (input:31] - 现在使用id定位,找到了元素--,来输入gaj
2022-03-24 16:55:52,396 INFO [root] [Base.py (input:31] - 现在使用id定位,找到了元素--,来输入123456
2022-03-24 16:55:52,443 INFO [root] [Base.py (click:20] - 现在使用xpath定位,找到了元素--,来点击click
2022-03-24 16:55:53,677 INFO [root] [Base.py (click:20] - 现在使用xpath定位,找到了元素--,来点击click
2022-03-24 16:55:55,248 INFO [root] [Base.py (click:20] - 现在使用xpath定位,找到了元素--,来点击click
2022-03-24 16:55:55,324 INFO [root] [Base.py (click:20] - 现在使用xpath定位,找到了元素--,来点击click
2022-03-24 16:55:55,576 INFO [root] [Base.py (click:20] - 现在使用xpath定位,找到了元素--,来点击click
2022-03-24 16:55:55,683 INFO [root] [Base.py (click:20] - 现在使用xpath定位,找到了元素--,来点击click
2022-03-24 16:55:56,221 INFO [root] [Base.py (input:31] - 现在使用xpath定位,找到了元素--,来输入csvcsv
2022-03-24 16:55:56,630 INFO [root] [Base.py (click:20] - 现在使用xpath定位,找到了元素--,来点击click
2022-03-24 16:55:57,100 INFO [root] [Base.py (input:31] - 现在使用xpath定位,找到了元素--,来输入172.168.30.13
2022-03-24 16:55:57,177 INFO [root] [Base.py (input:31] - 现在使用xpath定位,找到了元素--,来输入22
2022-03-24 16:55:57,227 INFO [root] [Base.py (input:31] - 现在使用xpath定位,找到了元素--,来输入/root/wenlx/template_目录.csv
2022-03-24 16:55:57,350 INFO [root] [Base.py (input:31] - 现在使用xpath定位,找到了元素--,来输入root
2022-03-24 16:55:57,408 INFO [root] [Base.py (input:31] - 现在使用xpath定位,找到了元素--,来输入admi
2022-03-24 16:55:57,466 INFO [root] [Base.py (input:31] - 现在使用xpath定位,找到了元素--,来输入,
2022-03-24 16:55:57,531 INFO [root] [Base.py (click:20] - 现在使用xpath定位,找到了元素--,来点击click
2022-03-24 16:55:58,984 INFO [root] [Base.py (click:20] - 现在使用xpath定位,找到了元素--,来点击click
2022-03-24 16:56:13,323 INFO [root] [Base.py (input:31] - 现在使用id定位,找到了元素--,来输入gaj
2022-03-24 16:56:13,361 INFO [root] [Base.py (input:31] - 现在使用id定位,找到了元素--,来输入123456
2022-03-24 16:56:13,400 INFO [root] [Base.py (click:20] - 现在使用xpath定位,找到了元素--,来点击click
2022-03-24 16:56:14,673 INFO [root] [Base.py (click:20] - 现在使用xpath定位,找到了元素--,来点击click
2022-03-24 16:56:16,233 INFO [root] [Base.py (click:20] - 现在使用xpath定位,找到了元素--,来点击click
2022-03-24 16:56:16,308 INFO [root] [Base.py (click:20] - 现在使用xpath定位,找到了元素--,来点击click
2022-03-24 16:56:16,583 INFO [root] [Base.py (click:20] - 现在使用xpath定位,找到了元素--,来点击click
2022-03-24 16:56:16,665 INFO [root] [Base.py (click:20] - 现在使用xpath定位,找到了元素--,来点击click
2022-03-24 16:56:17,035 INFO [root] [Base.py (input:31] - 现在使用xpath定位,找到了元素--,来输入csvcsv
2022-03-24 16:56:17,722 INFO [root] [Base.py (click:20] - 现在使用xpath定位,找到了元素--,来点击click
2022-03-24 16:56:18,049 INFO [root] [Base.py (input:31] - 现在使用xpath定位,找到了元素--,来输入172.168.30.13
2022-03-24 16:56:18,117 INFO [root] [Base.py (input:31] - 现在使用xpath定位,找到了元素--,来输入22
2022-03-24 16:56:18,148 INFO [root] [Base.py (input:31] - 现在使用xpath定位,找到了元素--,来输入555
2022-03-24 16:56:18,184 INFO [root] [Base.py (input:31] - 现在使用xpath定位,找到了元素--,来输入root
2022-03-24 16:56:18,229 INFO [root] [Base.py (input:31] - 现在使用xpath定位,找到了元素--,来输入admin
2022-03-24 16:56:18,263 INFO [root] [Base.py (input:31] - 现在使用xpath定位,找到了元素--,来输入,
2022-03-24 16:56:18,314 INFO [root] [Base.py (click:20] - 现在使用xpath定位,找到了元素--,来点击click
2022-03-24 16:56:19,600 INFO [root] [Base.py (click:20] - 现在使用xpath定位,找到了元素--,来点击click
2022-03-24 16:56:34,044 INFO [root] [Base.py (input:31] - 现在使用id定位,找到了元素--,来输入gaj
2022-03-24 16:56:34,080 INFO [root] [Base.py (input:31] - 现在使用id定位,找到了元素--,来输入123456
2022-03-24 16:56:34,122 INFO [root] [Base.py (click:20] - 现在使用xpath定位,找到了元素--,来点击click
2022-03-24 16:56:35,353 INFO [root] [Base.py (click:20] - 现在使用xpath定位,找到了元素--,来点击click
2022-03-24 16:56:36,857 INFO [root] [Base.py (click:20] - 现在使用xpath定位,找到了元素--,来点击click
2022-03-24 16:56:36,941 INFO [root] [Base.py (click:20] - 现在使用xpath定位,找到了元素--,来点击click
2022-03-24 16:56:37,217 INFO [root] [Base.py (click:20] - 现在使用xpath定位,找到了元素--,来点击click
2022-03-24 16:56:37,340 INFO [root] [Base.py (click:20] - 现在使用xpath定位,找到了元素--,来点击click
2022-03-24 16:56:37,779 INFO [root] [Base.py (input:31] - 现在使用xpath定位,找到了元素--,来输入csvcsv
2022-03-24 16:56:38,055 INFO [root] [Base.py (click:20] - 现在使用xpath定位,找到了元素--,来点击click
2022-03-24 16:56:38,528 INFO [root] [Base.py (input:31] - 现在使用xpath定位,找到了元素--,来输入172.168.30.13
2022-03-24 16:56:38,586 INFO [root] [Base.py (input:31] - 现在使用xpath定位,找到了元素--,来输入22
2022-03-24 16:56:38,617 INFO [root] [Base.py (input:31] - 现在使用xpath定位,找到了元素--,来输入/root/wenlx/template_目录.csv
2022-03-24 16:56:38,717 INFO [root] [Base.py (input:31] - 现在使用xpath定位,找到了元素--,来输入root
2022-03-24 16:56:38,766 INFO [root] [Base.py (input:31] - 现在使用xpath定位,找到了元素--,来输入admin
2022-03-24 16:56:38,804 INFO [root] [Base.py (input:31] - 现在使用xpath定位,找到了元素--,来输入,
2022-03-24 16:56:38,848 INFO [root] [Base.py (click:20] - 现在使用xpath定位,找到了元素--,来点击click
2022-03-24 16:56:40,217 INFO [root] [Base.py (click:20] - 现在使用xpath定位,找到了元素--,来点击click
2022-03-24 16:56:53,502 INFO [root] [Base.py (input:31] - 现在使用id定位,找到了元素--,来输入gaj
2022-03-24 16:56:53,542 INFO [root] [Base.py (input:31] - 现在使用id定位,找到了元素--,来输入123456
2022-03-24 16:56:53,581 INFO [root] [Base.py (click:20] - 现在使用xpath定位,找到了元素--,来点击click
2022-03-24 16:56:54,863 INFO [root] [Base.py (click:20] - 现在使用xpath定位,找到了元素--,来点击click
2022-03-24 16:56:56,428 INFO [root] [Base.py (click:20] - 现在使用xpath定位,找到了元素--,来点击click
2022-03-24 16:56:56,529 INFO [root] [Base.py (click:20] - 现在使用xpath定位,找到了元素--,来点击click
2022-03-24 16:56:56,785 INFO [root] [Base.py (click:20] - 现在使用xpath定位,找到了元素--,来点击click
2022-03-24 16:56:56,870 INFO [root] [Base.py (click:20] - 现在使用xpath定位,找到了元素--,来点击click
2022-03-24 16:56:57,365 INFO [root] [Base.py (input:31] - 现在使用xpath定位,找到了元素--,来输入csvcsv
2022-03-24 16:56:57,900 INFO [root] [Base.py (click:20] - 现在使用xpath定位,找到了元素--,来点击click
2022-03-24 16:56:58,231 INFO [root] [Base.py (input:31] - 现在使用xpath定位,找到了元素--,来输入172.168.30.13
2022-03-24 16:56:58,293 INFO [root] [Base.py (input:31] - 现在使用xpath定位,找到了元素--,来输入22
2022-03-24 16:56:58,327 INFO [root] [Base.py (input:31] - 现在使用xpath定位,找到了元素--,来输入/root/wenlx/template_目录.csv
2022-03-24 16:56:58,428 INFO [root] [Base.py (input:31] - 现在使用xpath定位,找到了元素--,来输入root
2022-03-24 16:56:58,467 INFO [root] [Base.py (input:31] - 现在使用xpath定位,找到了元素--,来输入admin
2022-03-24 16:56:58,516 INFO [root] [Base.py (input:31] - 现在使用xpath定位,找到了元素--,来输入,
2022-03-24 16:56:58,555 INFO [root] [Base.py (click:20] - 现在使用xpath定位,找到了元素--,来点击click
2022-03-24 16:56:59,939 INFO [root] [Base.py (click:20] - 现在使用xpath定位,找到了元素--,来点击click
2022-03-24 16:57:14,502 INFO [root] [Base.py (input:31] - 现在使用id定位,找到了元素--,来输入gaj
2022-03-24 16:57:14,540 INFO [root] [Base.py (input:31] - 现在使用id定位,找到了元素--,来输入123456
2022-03-24 16:57:14,583 INFO [root] [Base.py (click:20] - 现在使用xpath定位,找到了元素--,来点击click
2022-03-24 16:57:15,825 INFO [root] [Base.py (click:20] - 现在使用xpath定位,找到了元素--,来点击click
2022-03-24 16:57:17,322 INFO [root] [Base.py (click:20] - 现在使用xpath定位,找到了元素--,来点击click
2022-03-24 16:57:17,391 INFO [root] [Base.py (click:20] - 现在使用xpath定位,找到了元素--,来点击click
2022-03-24 16:57:17,657 INFO [root] [Base.py (click:20] - 现在使用xpath定位,找到了元素--,来点击click
2022-03-24 16:57:17,740 INFO [root] [Base.py (input:31] - 现在使用xpath定位,找到了元素--,来输入mysqlmysql
2022-03-24 16:57:18,824 INFO [root] [Base.py (inputenter:42] - 现在使用xpath定位,找到了元素--,来输入回车
2022-03-24 16:57:19,908 INFO [root] [Base.py (text:72] - 现在使用xpath定位,找到了元素--,来获取文办text
2022-03-24 16:57:19,941 INFO [root] [Base.py (text:72] - 现在使用xpath定位,找到了元素--,来获取文办text
2022-03-24 16:57:19,954 INFO [root] [Base.py (text:72] - 现在使用xpath定位,找到了元素--,来获取文办text
2022-03-24 16:57:19,969 INFO [root] [Base.py (text:72] - 现在使用xpath定位,找到了元素--,来获取文办text
2022-03-24 16:57:19,984 INFO [root] [Base.py (text:72] - 现在使用xpath定位,找到了元素--,来获取文办text
2022-03-24 16:57:19,999 INFO [root] [Base.py (text:72] - 现在使用xpath定位,找到了元素--,来获取文办text
2022-03-24 16:57:35,833 INFO [root] [Base.py (input:31] - 现在使用id定位,找到了元素--,来输入gaj
2022-03-24 16:57:35,899 INFO [root] [Base.py (input:31] - 现在使用id定位,找到了元素--,来输入123456
2022-03-24 16:57:35,965 INFO [root] [Base.py (click:20] - 现在使用xpath定位,找到了元素--,来点击click
2022-03-24 16:57:37,229 INFO [root] [Base.py (click:20] - 现在使用xpath定位,找到了元素--,来点击click
2022-03-24 16:57:38,709 INFO [root] [Base.py (click:20] - 现在使用xpath定位,找到了元素--,来点击click
2022-03-24 16:57:38,788 INFO [root] [Base.py (click:20] - 现在使用xpath定位,找到了元素--,来点击click
2022-03-24 16:57:39,052 INFO [root] [Base.py (click:20] - 现在使用xpath定位,找到了元素--,来点击click
2022-03-24 16:57:39,123 INFO [root] [Base.py (input:31] - 现在使用xpath定位,找到了元素--,来输入excelexcel
2022-03-24 16:57:40,220 INFO [root] [Base.py (inputenter:42] - 现在使用xpath定位,找到了元素--,来输入回车
2022-03-24 16:57:41,275 INFO [root] [Base.py (click:20] - 现在使用xpath定位,找到了元素--,来点击click
2022-03-24 16:57:42,518 INFO [root] [Base.py (click:20] - 现在使用xpath定位,找到了元素--,来点击click
2022-03-24 16:57:56,611 INFO [root] [Base.py (input:31] - 现在使用id定位,找到了元素--,来输入gaj
2022-03-24 16:57:56,650 INFO [root] [Base.py (input:31] - 现在使用id定位,找到了元素--,来输入123456
2022-03-24 16:57:56,692 INFO [root] [Base.py (click:20] - 现在使用xpath定位,找到了元素--,来点击click
2022-03-24 16:57:57,923 INFO [root] [Base.py (click:20] - 现在使用xpath定位,找到了元素--,来点击click
2022-03-24 16:57:59,467 INFO [root] [Base.py (click:20] - 现在使用xpath定位,找到了元素--,来点击click
2022-03-24 16:57:59,562 INFO [root] [Base.py (click:20] - 现在使用xpath定位,找到了元素--,来点击click
2022-03-24 16:57:59,830 INFO [root] [Base.py (click:20] - 现在使用xpath定位,找到了元素--,来点击click
2022-03-24 16:57:59,902 INFO [root] [Base.py (input:31] - 现在使用xpath定位,找到了元素--,来输入csvcsv
2022-03-24 16:58:00,981 INFO [root] [Base.py (inputenter:42] - 现在使用xpath定位,找到了元素--,来输入回车
2022-03-24 16:58:02,050 INFO [root] [Base.py (click:20] - 现在使用xpath定位,找到了元素--,来点击click
2022-03-24 16:58:14,413 INFO [root] [Base.py (input:31] - 现在使用id定位,找到了元素--,来输入gaj
2022-03-24 16:58:14,456 INFO [root] [Base.py (input:31] - 现在使用id定位,找到了元素--,来输入123456
2022-03-24 16:58:14,492 INFO [root] [Base.py (click:20] - 现在使用xpath定位,找到了元素--,来点击click
2022-03-24 16:58:15,735 INFO [root] [Base.py (click:20] - 现在使用xpath定位,找到了元素--,来点击click
2022-03-24 16:58:17,227 INFO [root] [Base.py (click:20] - 现在使用xpath定位,找到了元素--,来点击click
2022-03-24 16:58:17,295 INFO [root] [Base.py (click:20] - 现在使用xpath定位,找到了元素--,来点击click
2022-03-24 16:58:17,562 INFO [root] [Base.py (click:20] - 现在使用xpath定位,找到了元素--,来点击click
2022-03-24 16:58:17,638 INFO [root] [Base.py (input:31] - 现在使用xpath定位,找到了元素--,来输入csvcsv
2022-03-24 16:58:18,708 INFO [root] [Base.py (inputenter:42] - 现在使用xpath定位,找到了元素--,来输入回车
2022-03-24 16:58:19,782 INFO [root] [Base.py (click:20] - 现在使用xpath定位,找到了元素--,来点击click
2022-03-24 16:58:21,031 INFO [root] [Base.py (click:20] - 现在使用xpath定位,找到了元素--,来点击click
2022-03-24 16:58:22,277 INFO [root] [Base.py (click:20] - 现在使用xpath定位,找到了元素--,来点击click
2022-03-24 16:58:35,028 INFO [root] [Base.py (input:31] - 现在使用id定位,找到了元素--,来输入gaj
2022-03-24 16:58:35,063 INFO [root] [Base.py (input:31] - 现在使用id定位,找到了元素--,来输入123456
2022-03-24 16:58:35,097 INFO [root] [Base.py (click:20] - 现在使用xpath定位,找到了元素--,来点击click
2022-03-24 16:58:36,344 INFO [root] [Base.py (click:20] - 现在使用xpath定位,找到了元素--,来点击click
2022-03-24 16:58:37,838 INFO [root] [Base.py (click:20] - 现在使用xpath定位,找到了元素--,来点击click
2022-03-24 16:58:37,909 INFO [root] [Base.py (click:20] - 现在使用xpath定位,找到了元素--,来点击click
2022-03-24 16:58:38,178 INFO [root] [Base.py (click:20] - 现在使用xpath定位,找到了元素--,来点击click
2022-03-24 16:58:38,249 INFO [root] [Base.py (input:31] - 现在使用xpath定位,找到了元素--,来输入mysqlmysql
2022-03-24 16:58:39,325 INFO [root] [Base.py (inputenter:42] - 现在使用xpath定位,找到了元素--,来输入回车
2022-03-24 16:58:40,392 INFO [root] [Base.py (click:20] - 现在使用xpath定位,找到了元素--,来点击click
2022-03-24 16:58:40,632 INFO [root] [Base.py (input:31] - 现在使用xpath定位,找到了元素--,来输入mysqlmysql
2022-03-24 16:58:40,727 INFO [root] [Base.py (input:31] - 现在使用xpath定位,找到了元素--,来输入172.168.30.7
2022-03-24 16:58:40,803 INFO [root] [Base.py (input:31] - 现在使用xpath定位,找到了元素--,来输入3306
2022-03-24 16:58:40,846 INFO [root] [Base.py (input:31] - 现在使用xpath定位,找到了元素--,来输入aiswift_dkg_test
2022-03-24 16:58:40,917 INFO [root] [Base.py (input:31] - 现在使用xpath定位,找到了元素--,来输入dtjoy
2022-03-24 16:58:40,966 INFO [root] [Base.py (input:31] - 现在使用xpath定位,找到了元素--,来输入dtjoy#123
2022-03-24 16:58:41,012 INFO [root] [Base.py (click:20] - 现在使用xpath定位,找到了元素--,来点击click
2022-03-24 16:58:42,293 INFO [root] [Base.py (click:20] - 现在使用xpath定位,找到了元素--,来点击click
2022-03-24 16:58:54,759 INFO [root] [Base.py (input:31] - 现在使用id定位,找到了元素--,来输入gaj
2022-03-24 16:58:54,804 INFO [root] [Base.py (input:31] - 现在使用id定位,找到了元素--,来输入123456
2022-03-24 16:58:54,850 INFO [root] [Base.py (click:20] - 现在使用xpath定位,找到了元素--,来点击click
2022-03-24 16:58:56,093 INFO [root] [Base.py (click:20] - 现在使用xpath定位,找到了元素--,来点击click
2022-03-24 16:58:57,709 INFO [root] [Base.py (click:20] - 现在使用xpath定位,找到了元素--,来点击click
2022-03-24 16:58:57,792 INFO [root] [Base.py (click:20] - 现在使用xpath定位,找到了元素--,来点击click
2022-03-24 16:58:58,049 INFO [root] [Base.py (click:20] - 现在使用xpath定位,找到了元素--,来点击click
2022-03-24 16:58:58,122 INFO [root] [Base.py (click:20] - 现在使用xpath定位,找到了元素--,来点击click
2022-03-24 16:58:59,302 INFO [root] [Base.py (input:31] - 现在使用xpath定位,找到了元素--,来输入
2022-03-24 16:58:59,334 INFO [root] [Base.py (click:20] - 现在使用xpath定位,找到了元素--,来点击click
2022-03-24 16:58:59,566 INFO [root] [Base.py (click:20] - 现在使用xpath定位,找到了元素--,来点击click
2022-03-24 16:59:01,820 INFO [root] [Base.py (click:20] - 现在使用xpath定位,找到了元素--,来点击click
2022-03-24 16:59:15,244 INFO [root] [Base.py (input:31] - 现在使用id定位,找到了元素--,来输入gaj
2022-03-24 16:59:15,279 INFO [root] [Base.py (input:31] - 现在使用id定位,找到了元素--,来输入123456
2022-03-24 16:59:15,315 INFO [root] [Base.py (click:20] - 现在使用xpath定位,找到了元素--,来点击click
2022-03-24 16:59:16,549 INFO [root] [Base.py (click:20] - 现在使用xpath定位,找到了元素--,来点击click
2022-03-24 16:59:18,053 INFO [root] [Base.py (click:20] - 现在使用xpath定位,找到了元素--,来点击click
2022-03-24 16:59:18,135 INFO [root] [Base.py (click:20] - 现在使用xpath定位,找到了元素--,来点击click
2022-03-24 16:59:18,386 INFO [root] [Base.py (click:20] - 现在使用xpath定位,找到了元素--,来点击click
2022-03-24 16:59:18,481 INFO [root] [Base.py (click:20] - 现在使用xpath定位,找到了元素--,来点击click
2022-03-24 16:59:19,651 INFO [root] [Base.py (input:31] - 现在使用xpath定位,找到了元素--,来输入@
2022-03-24 16:59:19,696 INFO [root] [Base.py (click:20] - 现在使用xpath定位,找到了元素--,来点击click
2022-03-24 16:59:19,948 INFO [root] [Base.py (click:20] - 现在使用xpath定位,找到了元素--,来点击click
2022-03-24 16:59:22,203 INFO [root] [Base.py (click:20] - 现在使用xpath定位,找到了元素--,来点击click
2022-03-24 16:59:37,936 INFO [root] [Base.py (input:31] - 现在使用id定位,找到了元素--,来输入gaj
2022-03-24 16:59:37,985 INFO [root] [Base.py (input:31] - 现在使用id定位,找到了元素--,来输入123456
2022-03-24 16:59:38,052 INFO [root] [Base.py (click:20] - 现在使用xpath定位,找到了元素--,来点击click
2022-03-24 16:59:39,290 INFO [root] [Base.py (click:20] - 现在使用xpath定位,找到了元素--,来点击click
2022-03-24 16:59:40,801 INFO [root] [Base.py (click:20] - 现在使用xpath定位,找到了元素--,来点击click
2022-03-24 16:59:40,881 INFO [root] [Base.py (click:20] - 现在使用xpath定位,找到了元素--,来点击click
2022-03-24 16:59:41,156 INFO [root] [Base.py (click:20] - 现在使用xpath定位,找到了元素--,来点击click
2022-03-24 16:59:41,244 INFO [root] [Base.py (click:20] - 现在使用xpath定位,找到了元素--,来点击click
2022-03-24 16:59:42,892 INFO [root] [Base.py (input:31] - 现在使用xpath定位,找到了元素--,来输入3333333339999564545454545458742133333
2022-03-24 16:59:43,006 INFO [root] [Base.py (click:20] - 现在使用xpath定位,找到了元素--,来点击click
2022-03-24 16:59:43,267 INFO [root] [Base.py (click:20] - 现在使用xpath定位,找到了元素--,来点击click
2022-03-24 16:59:45,513 INFO [root] [Base.py (click:20] - 现在使用xpath定位,找到了元素--,来点击click
2022-03-24 17:00:00,648 INFO [root] [Base.py (input:31] - 现在使用id定位,找到了元素--,来输入gaj
2022-03-24 17:00:00,684 INFO [root] [Base.py (input:31] - 现在使用id定位,找到了元素--,来输入123456
2022-03-24 17:00:00,722 INFO [root] [Base.py (click:20] - 现在使用xpath定位,找到了元素--,来点击click
2022-03-24 17:00:01,993 INFO [root] [Base.py (click:20] - 现在使用xpath定位,找到了元素--,来点击click
2022-03-24 17:00:03,512 INFO [root] [Base.py (click:20] - 现在使用xpath定位,找到了元素--,来点击click
2022-03-24 17:00:03,597 INFO [root] [Base.py (click:20] - 现在使用xpath定位,找到了元素--,来点击click
2022-03-24 17:00:03,869 INFO [root] [Base.py (click:20] - 现在使用xpath定位,找到了元素--,来点击click
2022-03-24 17:00:03,927 INFO [root] [Base.py (click:20] - 现在使用xpath定位,找到了元素--,来点击click
2022-03-24 17:00:05,580 INFO [root] [Base.py (click:20] - 现在使用xpath定位,找到了元素--,来点击click
2022-03-24 17:00:06,138 INFO [root] [Base.py (input:31] - 现在使用xpath定位,找到了元素--,来输入
2022-03-24 17:00:22,142 INFO [root] [Base.py (input:31] - 现在使用id定位,找到了元素--,来输入gaj
2022-03-24 17:00:22,178 INFO [root] [Base.py (input:31] - 现在使用id定位,找到了元素--,来输入123456
2022-03-24 17:00:22,219 INFO [root] [Base.py (click:20] - 现在使用xpath定位,找到了元素--,来点击click
2022-03-24 17:00:23,490 INFO [root] [Base.py (click:20] - 现在使用xpath定位,找到了元素--,来点击click
2022-03-24 17:00:24,980 INFO [root] [Base.py (click:20] - 现在使用xpath定位,找到了元素--,来点击click
2022-03-24 17:00:25,047 INFO [root] [Base.py (click:20] - 现在使用xpath定位,找到了元素--,来点击click
2022-03-24 17:00:25,291 INFO [root] [Base.py (click:20] - 现在使用xpath定位,找到了元素--,来点击click
2022-03-24 17:00:25,358 INFO [root] [Base.py (click:20] - 现在使用xpath定位,找到了元素--,来点击click
2022-03-24 17:00:26,983 INFO [root] [Base.py (click:20] - 现在使用xpath定位,找到了元素--,来点击click
2022-03-24 17:00:27,444 INFO [root] [Base.py (input:31] - 现在使用xpath定位,找到了元素--,来输入
2022-03-24 17:00:41,282 INFO [root] [Base.py (input:31] - 现在使用id定位,找到了元素--,来输入gaj
2022-03-24 17:00:41,326 INFO [root] [Base.py (input:31] - 现在使用id定位,找到了元素--,来输入123456
2022-03-24 17:00:41,367 INFO [root] [Base.py (click:20] - 现在使用xpath定位,找到了元素--,来点击click
2022-03-24 17:00:42,617 INFO [root] [Base.py (click:20] - 现在使用xpath定位,找到了元素--,来点击click
2022-03-24 17:00:44,117 INFO [root] [Base.py (click:20] - 现在使用xpath定位,找到了元素--,来点击click
2022-03-24 17:00:44,196 INFO [root] [Base.py (click:20] - 现在使用xpath定位,找到了元素--,来点击click
2022-03-24 17:00:44,454 INFO [root] [Base.py (click:20] - 现在使用xpath定位,找到了元素--,来点击click
2022-03-24 17:00:44,574 INFO [root] [Base.py (click:20] - 现在使用xpath定位,找到了元素--,来点击click
2022-03-24 17:00:46,755 INFO [root] [Base.py (click:20] - 现在使用xpath定位,找到了元素--,来点击click
2022-03-24 17:00:47,270 INFO [root] [Base.py (input:31] - 现在使用xpath定位,找到了元素--,来输入
2022-03-24 17:00:48,630 INFO [root] [Base.py (click:20] - 现在使用xpath定位,找到了元素--,来点击click
2022-03-24 17:00:48,885 INFO [root] [Base.py (click:20] - 现在使用xpath定位,找到了元素--,来点击click
2022-03-24 17:00:52,135 INFO [root] [Base.py (click:20] - 现在使用xpath定位,找到了元素--,来点击click
2022-03-24 17:01:06,627 INFO [root] [Base.py (input:31] - 现在使用id定位,找到了元素--,来输入gaj
2022-03-24 17:01:06,662 INFO [root] [Base.py (input:31] - 现在使用id定位,找到了元素--,来输入123456
2022-03-24 17:01:06,697 INFO [root] [Base.py (click:20] - 现在使用xpath定位,找到了元素--,来点击click
2022-03-24 17:01:07,930 INFO [root] [Base.py (click:20] - 现在使用xpath定位,找到了元素--,来点击click
2022-03-24 17:01:09,394 INFO [root] [Base.py (click:20] - 现在使用xpath定位,找到了元素--,来点击click
2022-03-24 17:01:09,466 INFO [root] [Base.py (click:20] - 现在使用xpath定位,找到了元素--,来点击click
2022-03-24 17:01:09,719 INFO [root] [Base.py (click:20] - 现在使用xpath定位,找到了元素--,来点击click
2022-03-24 17:01:09,800 INFO [root] [Base.py (click:20] - 现在使用xpath定位,找到了元素--,来点击click
2022-03-24 17:01:11,423 INFO [root] [Base.py (click:20] - 现在使用xpath定位,找到了元素--,来点击click
2022-03-24 17:01:12,298 INFO [root] [Base.py (input:31] - 现在使用xpath定位,找到了元素--,来输入@
2022-03-24 17:01:13,340 INFO [root] [Base.py (click:20] - 现在使用xpath定位,找到了元素--,来点击click
2022-03-24 17:01:14,061 INFO [root] [Base.py (click:20] - 现在使用xpath定位,找到了元素--,来点击click
2022-03-24 17:01:17,813 INFO [root] [Base.py (click:20] - 现在使用xpath定位,找到了元素--,来点击click
2022-03-24 17:01:31,386 INFO [root] [Base.py (input:31] - 现在使用id定位,找到了元素--,来输入gaj
2022-03-24 17:01:31,422 INFO [root] [Base.py (input:31] - 现在使用id定位,找到了元素--,来输入123456
2022-03-24 17:01:31,456 INFO [root] [Base.py (click:20] - 现在使用xpath定位,找到了元素--,来点击click
2022-03-24 17:01:32,718 INFO [root] [Base.py (click:20] - 现在使用xpath定位,找到了元素--,来点击click
2022-03-24 17:01:34,245 INFO [root] [Base.py (click:20] - 现在使用xpath定位,找到了元素--,来点击click
2022-03-24 17:01:34,323 INFO [root] [Base.py (click:20] - 现在使用xpath定位,找到了元素--,来点击click
2022-03-24 17:01:34,574 INFO [root] [Base.py (click:20] - 现在使用xpath定位,找到了元素--,来点击click
2022-03-24 17:01:34,625 INFO [root] [Base.py (click:20] - 现在使用xpath定位,找到了元素--,来点击click
2022-03-24 17:01:36,249 INFO [root] [Base.py (click:20] - 现在使用xpath定位,找到了元素--,来点击click
2022-03-24 17:01:36,726 INFO [root] [Base.py (input:31] - 现在使用xpath定位,找到了元素--,来输入3333333339999564545454545458742133333
2022-03-24 17:01:37,933 INFO [root] [Base.py (click:20] - 现在使用xpath定位,找到了元素--,来点击click
2022-03-24 17:01:38,175 INFO [root] [Base.py (click:20] - 现在使用xpath定位,找到了元素--,来点击click
2022-03-24 17:01:41,450 INFO [root] [Base.py (click:20] - 现在使用xpath定位,找到了元素--,来点击click
2022-03-24 17:01:54,312 INFO [root] [Base.py (input:31] - 现在使用id定位,找到了元素--,来输入gaj
2022-03-24 17:01:54,356 INFO [root] [Base.py (input:31] - 现在使用id定位,找到了元素--,来输入123456
2022-03-24 17:01:54,399 INFO [root] [Base.py (click:20] - 现在使用xpath定位,找到了元素--,来点击click
2022-03-24 17:01:55,714 INFO [root] [Base.py (click:20] - 现在使用xpath定位,找到了元素--,来点击click
2022-03-24 17:01:57,219 INFO [root] [Base.py (click:20] - 现在使用xpath定位,找到了元素--,来点击click
2022-03-24 17:01:57,330 INFO [root] [Base.py (click:20] - 现在使用xpath定位,找到了元素--,来点击click
2022-03-24 17:01:57,632 INFO [root] [Base.py (click:20] - 现在使用xpath定位,找到了元素--,来点击click
2022-03-24 17:01:57,744 INFO [root] [Base.py (input:31] - 现在使用xpath定位,找到了元素--,来输入部门实体映射
2022-03-24 17:01:58,817 INFO [root] [Base.py (inputenter:42] - 现在使用xpath定位,找到了元素--,来输入回车
2022-03-24 17:01:59,875 INFO [root] [Base.py (text:72] - 现在使用xpath定位,找到了元素--,来获取文办text
